{"/home/travis/build/npmtest/node-npmtest-fis/test.js":{"path":"/home/travis/build/npmtest/node-npmtest-fis/test.js","s":{"1":2,"2":2,"3":2,"4":2,"5":2,"6":2,"7":2,"8":1,"9":2,"10":2,"11":1,"12":1,"13":1,"14":1,"15":2,"16":2,"17":2,"18":2,"19":1,"20":1,"21":2,"22":2,"23":2,"24":1,"25":1,"26":1,"27":1,"28":1,"29":1,"30":1,"31":1,"32":1,"33":1,"34":1,"35":1,"36":1,"37":1,"38":1,"39":2,"40":2,"41":1,"42":2,"43":2,"44":1,"45":2,"46":2,"47":1,"48":2,"49":2,"50":1,"51":1,"52":1,"53":1,"54":1},"b":{"1":[2,1,1,1],"2":[1,1,1,1],"3":[1,1],"4":[1,1],"5":[1,1],"6":[1,1],"7":[1,1],"8":[1,1],"9":[1,1],"10":[1,1,1],"11":[1,1],"12":[1,1],"13":[1,1],"14":[1,1],"15":[1,1],"16":[1,1],"17":[1,1]},"f":{"1":2,"2":2,"3":2,"4":2,"5":2,"6":1,"7":1,"8":1,"9":2,"10":2,"11":2,"12":2,"13":1},"fnMap":{"1":{"name":"(anonymous_1)","line":12,"loc":{"start":{"line":12,"column":1},"end":{"line":12,"column":13}}},"2":{"name":"(anonymous_2)","line":19,"loc":{"start":{"line":19,"column":5},"end":{"line":19,"column":17}}},"3":{"name":"(anonymous_3)","line":23,"loc":{"start":{"line":23,"column":24},"end":{"line":23,"column":36}}},"4":{"name":"(anonymous_4)","line":61,"loc":{"start":{"line":61,"column":5},"end":{"line":61,"column":17}}},"5":{"name":"(anonymous_5)","line":82,"loc":{"start":{"line":82,"column":5},"end":{"line":82,"column":17}}},"6":{"name":"(anonymous_6)","line":91,"loc":{"start":{"line":91,"column":77},"end":{"line":94,"column":10}}},"7":{"name":"(anonymous_7)","line":112,"loc":{"start":{"line":112,"column":83},"end":{"line":115,"column":10}},"skip":true},"8":{"name":"(anonymous_8)","line":123,"loc":{"start":{"line":123,"column":77},"end":{"line":126,"column":10}},"skip":true},"9":{"name":"(anonymous_9)","line":139,"loc":{"start":{"line":139,"column":12},"end":{"line":139,"column":40}},"skip":true},"10":{"name":"(anonymous_10)","line":147,"loc":{"start":{"line":147,"column":77},"end":{"line":150,"column":10}},"skip":true},"11":{"name":"(anonymous_11)","line":158,"loc":{"start":{"line":158,"column":83},"end":{"line":161,"column":10}},"skip":true},"12":{"name":"(anonymous_12)","line":169,"loc":{"start":{"line":169,"column":79},"end":{"line":172,"column":10}},"skip":true},"13":{"name":"(anonymous_13)","line":180,"loc":{"start":{"line":180,"column":75},"end":{"line":183,"column":10}},"skip":true}},"statementMap":{"1":{"start":{"line":12,"column":0},"end":{"line":195,"column":5}},"2":{"start":{"line":14,"column":4},"end":{"line":14,"column":14}},"3":{"start":{"line":19,"column":4},"end":{"line":56,"column":9}},"4":{"start":{"line":21,"column":8},"end":{"line":21,"column":19}},"5":{"start":{"line":23,"column":8},"end":{"line":35,"column":13}},"6":{"start":{"line":24,"column":12},"end":{"line":34,"column":13}},"7":{"start":{"line":25,"column":16},"end":{"line":28,"column":30}},"8":{"start":{"line":30,"column":16},"end":{"line":33,"column":27}},"9":{"start":{"line":37,"column":8},"end":{"line":39,"column":21}},"10":{"start":{"line":40,"column":8},"end":{"line":53,"column":9}},"11":{"start":{"line":43,"column":12},"end":{"line":46,"column":14}},"12":{"start":{"line":47,"column":12},"end":{"line":47,"column":18}},"13":{"start":{"line":50,"column":12},"end":{"line":51,"column":33}},"14":{"start":{"line":52,"column":12},"end":{"line":52,"column":18}},"15":{"start":{"line":55,"column":8},"end":{"line":55,"column":35}},"16":{"start":{"line":61,"column":4},"end":{"line":63,"column":9}},"17":{"start":{"line":62,"column":8},"end":{"line":62,"column":15}},"18":{"start":{"line":64,"column":4},"end":{"line":77,"column":5}},"19":{"start":{"line":70,"column":8},"end":{"line":70,"column":14}},"20":{"start":{"line":76,"column":8},"end":{"line":76,"column":14}},"21":{"start":{"line":82,"column":4},"end":{"line":84,"column":9}},"22":{"start":{"line":83,"column":8},"end":{"line":83,"column":15}},"23":{"start":{"line":85,"column":4},"end":{"line":194,"column":5}},"24":{"start":{"line":91,"column":8},"end":{"line":99,"column":10}},"25":{"start":{"line":98,"column":12},"end":{"line":98,"column":35}},"26":{"start":{"line":102,"column":8},"end":{"line":104,"column":63}},"27":{"start":{"line":105,"column":8},"end":{"line":105,"column":14}},"28":{"start":{"line":112,"column":8},"end":{"line":121,"column":10},"skip":true},"29":{"start":{"line":119,"column":12},"end":{"line":119,"column":55},"skip":true},"30":{"start":{"line":120,"column":12},"end":{"line":120,"column":48},"skip":true},"31":{"start":{"line":123,"column":8},"end":{"line":136,"column":10},"skip":true},"32":{"start":{"line":130,"column":12},"end":{"line":130,"column":76},"skip":true},"33":{"start":{"line":131,"column":12},"end":{"line":131,"column":73},"skip":true},"34":{"start":{"line":132,"column":12},"end":{"line":132,"column":74},"skip":true},"35":{"start":{"line":133,"column":12},"end":{"line":133,"column":79},"skip":true},"36":{"start":{"line":134,"column":12},"end":{"line":134,"column":25},"skip":true},"37":{"start":{"line":135,"column":12},"end":{"line":135,"column":45},"skip":true},"38":{"start":{"line":138,"column":8},"end":{"line":145,"column":14},"skip":true},"39":{"start":{"line":143,"column":16},"end":{"line":143,"column":29},"skip":true},"40":{"start":{"line":144,"column":16},"end":{"line":144,"column":55},"skip":true},"41":{"start":{"line":147,"column":8},"end":{"line":156,"column":10},"skip":true},"42":{"start":{"line":154,"column":12},"end":{"line":154,"column":25},"skip":true},"43":{"start":{"line":155,"column":12},"end":{"line":155,"column":45},"skip":true},"44":{"start":{"line":158,"column":8},"end":{"line":167,"column":10},"skip":true},"45":{"start":{"line":165,"column":12},"end":{"line":165,"column":25},"skip":true},"46":{"start":{"line":166,"column":12},"end":{"line":166,"column":48},"skip":true},"47":{"start":{"line":169,"column":8},"end":{"line":178,"column":10},"skip":true},"48":{"start":{"line":176,"column":12},"end":{"line":176,"column":25},"skip":true},"49":{"start":{"line":177,"column":12},"end":{"line":177,"column":46},"skip":true},"50":{"start":{"line":180,"column":8},"end":{"line":189,"column":10},"skip":true},"51":{"start":{"line":187,"column":12},"end":{"line":187,"column":94},"skip":true},"52":{"start":{"line":188,"column":12},"end":{"line":188,"column":48},"skip":true},"53":{"start":{"line":192,"column":8},"end":{"line":192,"column":35},"skip":true},"54":{"start":{"line":193,"column":8},"end":{"line":193,"column":14},"skip":true}},"branchMap":{"1":{"line":25,"type":"binary-expr","locations":[{"start":{"line":25,"column":23},"end":{"line":25,"column":62}},{"start":{"line":26,"column":20},"end":{"line":26,"column":70}},{"start":{"line":27,"column":20},"end":{"line":27,"column":71}},{"start":{"line":28,"column":20},"end":{"line":28,"column":29}}]},"2":{"line":30,"type":"binary-expr","locations":[{"start":{"line":30,"column":23},"end":{"line":30,"column":37}},{"start":{"line":31,"column":20},"end":{"line":31,"column":61}},{"start":{"line":32,"column":20},"end":{"line":32,"column":70}},{"start":{"line":33,"column":20},"end":{"line":33,"column":26}}]},"3":{"line":37,"type":"cond-expr","locations":[{"start":{"line":38,"column":14},"end":{"line":38,"column":20}},{"start":{"line":39,"column":14},"end":{"line":39,"column":20}}]},"4":{"line":40,"type":"switch","locations":[{"start":{"line":42,"column":8},"end":{"line":47,"column":18}},{"start":{"line":49,"column":8},"end":{"line":52,"column":18}}]},"5":{"line":44,"type":"binary-expr","locations":[{"start":{"line":44,"column":16},"end":{"line":44,"column":44}},{"start":{"line":44,"column":48},"end":{"line":44,"column":66}}]},"6":{"line":50,"type":"binary-expr","locations":[{"start":{"line":50,"column":21},"end":{"line":50,"column":49}},{"start":{"line":50,"column":53},"end":{"line":50,"column":72}}]},"7":{"line":64,"type":"switch","locations":[{"start":{"line":69,"column":4},"end":{"line":70,"column":14}},{"start":{"line":75,"column":4},"end":{"line":76,"column":14}}]},"8":{"line":85,"type":"switch","locations":[{"start":{"line":90,"column":4},"end":{"line":105,"column":14}},{"start":{"line":111,"column":4},"end":{"line":193,"column":14},"skip":true}]},"9":{"line":91,"type":"binary-expr","locations":[{"start":{"line":91,"column":42},"end":{"line":91,"column":73}},{"start":{"line":91,"column":77},"end":{"line":99,"column":9}}]},"10":{"line":102,"type":"binary-expr","locations":[{"start":{"line":102,"column":18},"end":{"line":102,"column":32}},{"start":{"line":103,"column":12},"end":{"line":103,"column":53}},{"start":{"line":104,"column":12},"end":{"line":104,"column":61}}]},"11":{"line":112,"type":"binary-expr","locations":[{"start":{"line":112,"column":45},"end":{"line":112,"column":79},"skip":true},{"start":{"line":112,"column":83},"end":{"line":121,"column":9},"skip":true}]},"12":{"line":123,"type":"binary-expr","locations":[{"start":{"line":123,"column":42},"end":{"line":123,"column":73},"skip":true},{"start":{"line":123,"column":77},"end":{"line":136,"column":9},"skip":true}]},"13":{"line":138,"type":"binary-expr","locations":[{"start":{"line":138,"column":48},"end":{"line":138,"column":85},"skip":true},{"start":{"line":139,"column":12},"end":{"line":145,"column":13},"skip":true}]},"14":{"line":147,"type":"binary-expr","locations":[{"start":{"line":147,"column":42},"end":{"line":147,"column":73},"skip":true},{"start":{"line":147,"column":77},"end":{"line":156,"column":9},"skip":true}]},"15":{"line":158,"type":"binary-expr","locations":[{"start":{"line":158,"column":45},"end":{"line":158,"column":79},"skip":true},{"start":{"line":158,"column":83},"end":{"line":167,"column":9},"skip":true}]},"16":{"line":169,"type":"binary-expr","locations":[{"start":{"line":169,"column":43},"end":{"line":169,"column":75},"skip":true},{"start":{"line":169,"column":79},"end":{"line":178,"column":9},"skip":true}]},"17":{"line":180,"type":"binary-expr","locations":[{"start":{"line":180,"column":41},"end":{"line":180,"column":71},"skip":true},{"start":{"line":180,"column":75},"end":{"line":189,"column":9},"skip":true}]}},"code":["/* istanbul instrument in package npmtest_fis */","/*jslint","    bitwise: true,","    browser: true,","    maxerr: 8,","    maxlen: 96,","    node: true,","    nomen: true,","    regexp: true,","    stupid: true","*/","(function () {","    'use strict';","    var local;","","","","    // run shared js-env code - pre-init","    (function () {","        // init local","        local = {};","        // init modeJs","        local.modeJs = (function () {","            try {","                return typeof navigator.userAgent === 'string' &&","                    typeof document.querySelector('body') === 'object' &&","                    typeof XMLHttpRequest.prototype.open === 'function' &&","                    'browser';","            } catch (errorCaughtBrowser) {","                return module.exports &&","                    typeof process.versions.node === 'string' &&","                    typeof require('http').createServer === 'function' &&","                    'node';","            }","        }());","        // init global","        local.global = local.modeJs === 'browser'","            ? window","            : global;","        switch (local.modeJs) {","        // re-init local from window.local","        case 'browser':","            local = local.global.utility2.objectSetDefault(","                local.global.utility2_rollup || local.global.local,","                local.global.utility2","            );","            break;","        // re-init local from example.js","        case 'node':","            local = (local.global.utility2_rollup || require('utility2'))","                .requireReadme();","            break;","        }","        // export local","        local.global.local = local;","    }());","","","","    // run shared js-env code - function","    (function () {","        return;","    }());","    switch (local.modeJs) {","","","","    // run browser js-env code - function","    case 'browser':","        break;","","","","    // run node js-env code - function","    case 'node':","        break;","    }","","","","    // run shared js-env code - post-init","    (function () {","        return;","    }());","    switch (local.modeJs) {","","","","    // run browser js-env code - post-init","    case 'browser':","        local.testCase_browser_nullCase = local.testCase_browser_nullCase || function (","            options,","            onError","        ) {","        /*","         * this function will test browsers's null-case handling-behavior-behavior","         */","            onError(null, options);","        };","","        // run tests","        local.nop(local.modeTest &&","            document.querySelector('#testRunButton1') &&","            document.querySelector('#testRunButton1').click());","        break;","","","","    // run node js-env code - post-init","    /* istanbul ignore next */","    case 'node':","        local.testCase_buildApidoc_default = local.testCase_buildApidoc_default || function (","            options,","            onError","        ) {","        /*","         * this function will test buildApidoc's default handling-behavior-behavior","         */","            options = { modulePathList: module.paths };","            local.buildApidoc(options, onError);","        };","","        local.testCase_buildApp_default = local.testCase_buildApp_default || function (","            options,","            onError","        ) {","        /*","         * this function will test buildApp's default handling-behavior-behavior","         */","            local.testCase_buildReadme_default(options, local.onErrorThrow);","            local.testCase_buildLib_default(options, local.onErrorThrow);","            local.testCase_buildTest_default(options, local.onErrorThrow);","            local.testCase_buildCustomOrg_default(options, local.onErrorThrow);","            options = [];","            local.buildApp(options, onError);","        };","","        local.testCase_buildCustomOrg_default = local.testCase_buildCustomOrg_default ||","            function (options, onError) {","            /*","             * this function will test buildCustomOrg's default handling-behavior","             */","                options = {};","                local.buildCustomOrg(options, onError);","            };","","        local.testCase_buildLib_default = local.testCase_buildLib_default || function (","            options,","            onError","        ) {","        /*","         * this function will test buildLib's default handling-behavior","         */","            options = {};","            local.buildLib(options, onError);","        };","","        local.testCase_buildReadme_default = local.testCase_buildReadme_default || function (","            options,","            onError","        ) {","        /*","         * this function will test buildReadme's default handling-behavior-behavior","         */","            options = {};","            local.buildReadme(options, onError);","        };","","        local.testCase_buildTest_default = local.testCase_buildTest_default || function (","            options,","            onError","        ) {","        /*","         * this function will test buildTest's default handling-behavior","         */","            options = {};","            local.buildTest(options, onError);","        };","","        local.testCase_webpage_default = local.testCase_webpage_default || function (","            options,","            onError","        ) {","        /*","         * this function will test webpage's default handling-behavior","         */","            options = { modeCoverageMerge: true, url: local.serverLocalHost + '?modeTest=1' };","            local.browserTest(options, onError);","        };","","        // run test-server","        local.testRunServer(local);","        break;","    }","}());",""],"l":{"12":2,"14":2,"19":2,"21":2,"23":2,"24":2,"25":2,"30":1,"37":2,"40":2,"43":1,"47":1,"50":1,"52":1,"55":2,"61":2,"62":2,"64":2,"70":1,"76":1,"82":2,"83":2,"85":2,"91":1,"98":1,"102":1,"105":1,"112":1,"119":1,"120":1,"123":1,"130":1,"131":1,"132":1,"133":1,"134":1,"135":1,"138":1,"143":2,"144":2,"147":1,"154":2,"155":2,"158":1,"165":2,"166":2,"169":1,"176":2,"177":2,"180":1,"187":1,"188":1,"192":1,"193":1}},"/home/travis/build/npmtest/node-npmtest-fis/lib.npmtest_fis.js":{"path":"/home/travis/build/npmtest/node-npmtest-fis/lib.npmtest_fis.js","s":{"1":2,"2":2,"3":2,"4":2,"5":2,"6":2,"7":2,"8":1,"9":2,"10":2,"11":2,"12":2,"13":1,"14":1,"15":1,"16":1},"b":{"1":[2,1,1,1],"2":[1,1,1,1],"3":[1,1],"4":[2,2],"5":[1,1]},"f":{"1":2,"2":2,"3":2},"fnMap":{"1":{"name":"(anonymous_1)","line":12,"loc":{"start":{"line":12,"column":1},"end":{"line":12,"column":13}}},"2":{"name":"(anonymous_2)","line":19,"loc":{"start":{"line":19,"column":5},"end":{"line":19,"column":17}}},"3":{"name":"(anonymous_3)","line":23,"loc":{"start":{"line":23,"column":24},"end":{"line":23,"column":36}}}},"statementMap":{"1":{"start":{"line":12,"column":0},"end":{"line":53,"column":5}},"2":{"start":{"line":14,"column":4},"end":{"line":14,"column":14}},"3":{"start":{"line":19,"column":4},"end":{"line":52,"column":9}},"4":{"start":{"line":21,"column":8},"end":{"line":21,"column":19}},"5":{"start":{"line":23,"column":8},"end":{"line":35,"column":13}},"6":{"start":{"line":24,"column":12},"end":{"line":34,"column":13}},"7":{"start":{"line":25,"column":16},"end":{"line":28,"column":30}},"8":{"start":{"line":30,"column":16},"end":{"line":33,"column":27}},"9":{"start":{"line":37,"column":8},"end":{"line":39,"column":21}},"10":{"start":{"line":41,"column":8},"end":{"line":41,"column":54}},"11":{"start":{"line":43,"column":8},"end":{"line":43,"column":48}},"12":{"start":{"line":45,"column":8},"end":{"line":51,"column":9}},"13":{"start":{"line":46,"column":12},"end":{"line":46,"column":54}},"14":{"start":{"line":48,"column":12},"end":{"line":48,"column":35}},"15":{"start":{"line":49,"column":12},"end":{"line":49,"column":49}},"16":{"start":{"line":50,"column":12},"end":{"line":50,"column":43}}},"branchMap":{"1":{"line":25,"type":"binary-expr","locations":[{"start":{"line":25,"column":23},"end":{"line":25,"column":62}},{"start":{"line":26,"column":20},"end":{"line":26,"column":70}},{"start":{"line":27,"column":20},"end":{"line":27,"column":71}},{"start":{"line":28,"column":20},"end":{"line":28,"column":29}}]},"2":{"line":30,"type":"binary-expr","locations":[{"start":{"line":30,"column":23},"end":{"line":30,"column":37}},{"start":{"line":31,"column":20},"end":{"line":31,"column":61}},{"start":{"line":32,"column":20},"end":{"line":32,"column":70}},{"start":{"line":33,"column":20},"end":{"line":33,"column":26}}]},"3":{"line":37,"type":"cond-expr","locations":[{"start":{"line":38,"column":14},"end":{"line":38,"column":20}},{"start":{"line":39,"column":14},"end":{"line":39,"column":20}}]},"4":{"line":41,"type":"binary-expr","locations":[{"start":{"line":41,"column":16},"end":{"line":41,"column":44}},{"start":{"line":41,"column":48},"end":{"line":41,"column":53}}]},"5":{"line":45,"type":"if","locations":[{"start":{"line":45,"column":8},"end":{"line":45,"column":8}},{"start":{"line":45,"column":8},"end":{"line":45,"column":8}}]}},"code":["/* istanbul instrument in package npmtest_fis */","/*jslint","    bitwise: true,","    browser: true,","    maxerr: 8,","    maxlen: 96,","    node: true,","    nomen: true,","    regexp: true,","    stupid: true","*/","(function () {","    'use strict';","    var local;","","","","    // run shared js-env code - pre-init","    (function () {","        // init local","        local = {};","        // init modeJs","        local.modeJs = (function () {","            try {","                return typeof navigator.userAgent === 'string' &&","                    typeof document.querySelector('body') === 'object' &&","                    typeof XMLHttpRequest.prototype.open === 'function' &&","                    'browser';","            } catch (errorCaughtBrowser) {","                return module.exports &&","                    typeof process.versions.node === 'string' &&","                    typeof require('http').createServer === 'function' &&","                    'node';","            }","        }());","        // init global","        local.global = local.modeJs === 'browser'","            ? window","            : global;","        // init utility2_rollup","        local = local.global.utility2_rollup || local;","        // init lib","        local.local = local.npmtest_fis = local;","        // init exports","        if (local.modeJs === 'browser') {","            local.global.utility2_npmtest_fis = local;","        } else {","            module.exports = local;","            module.exports.__dirname = __dirname;","            module.exports.module = module;","        }","    }());","}());",""],"l":{"12":2,"14":2,"19":2,"21":2,"23":2,"24":2,"25":2,"30":1,"37":2,"41":2,"43":2,"45":2,"46":1,"48":1,"49":1,"50":1}},"/home/travis/build/npmtest/node-npmtest-fis/example.js":{"path":"/home/travis/build/npmtest/node-npmtest-fis/example.js","s":{"1":2,"2":2,"3":2,"4":2,"5":2,"6":2,"7":2,"8":1,"9":2,"10":2,"11":2,"12":2,"13":1,"14":2,"15":2,"16":2,"17":2,"18":2,"19":0,"20":2,"21":1,"22":1,"23":1,"24":1,"25":1,"26":0,"27":0,"28":1,"29":1,"30":2,"31":0,"32":0,"33":0,"34":1,"35":2,"36":2,"37":3,"38":3,"39":3,"40":3,"41":0,"42":3,"43":3,"44":3,"45":1,"46":3,"47":1,"48":1,"49":1,"50":1,"51":1,"52":1,"53":1,"54":1,"55":1,"56":1,"57":0,"58":1,"59":6,"60":6,"61":1,"62":2,"63":0,"64":2,"65":1,"66":1,"67":0,"68":0,"69":0,"70":0,"71":0,"72":0,"73":0,"74":0,"75":0,"76":0,"77":0,"78":0,"79":0,"80":0,"81":0,"82":0,"83":0},"b":{"1":[2,1,1,1],"2":[1,1,1,1],"3":[1,1],"4":[2,2],"5":[1,1],"6":[1,1],"7":[2,0],"8":[2,1,1,1,1,1],"9":[0,2,0],"10":[1,1],"11":[2,1,1],"12":[1,0],"13":[0,2],"14":[2,0,0,0,0,0,0],"15":[0,3],"16":[3,0],"17":[1,1],"18":[0,1],"19":[1,2,0,2],"20":[1,0],"21":[1,1],"22":[0,0],"23":[0,0],"24":[0,0],"25":[0,0],"26":[0,0],"27":[0,0],"28":[0,0]},"f":{"1":2,"2":2,"3":2,"4":2,"5":2,"6":2,"7":3,"8":3,"9":3,"10":1,"11":6,"12":0},"fnMap":{"1":{"name":"(anonymous_1)","line":26,"loc":{"start":{"line":26,"column":1},"end":{"line":26,"column":13}}},"2":{"name":"(anonymous_2)","line":33,"loc":{"start":{"line":33,"column":5},"end":{"line":33,"column":17}}},"3":{"name":"(anonymous_3)","line":37,"loc":{"start":{"line":37,"column":24},"end":{"line":37,"column":36}}},"4":{"name":"(anonymous_4)","line":69,"loc":{"start":{"line":69,"column":31},"end":{"line":69,"column":48}},"skip":true},"5":{"name":"(anonymous_5)","line":78,"loc":{"start":{"line":78,"column":26},"end":{"line":78,"column":45}},"skip":true},"6":{"name":"(anonymous_6)","line":123,"loc":{"start":{"line":123,"column":33},"end":{"line":123,"column":48}},"skip":true},"7":{"name":"(anonymous_7)","line":125,"loc":{"start":{"line":125,"column":27},"end":{"line":125,"column":39}},"skip":true},"8":{"name":"(anonymous_8)","line":133,"loc":{"start":{"line":133,"column":59},"end":{"line":133,"column":74}},"skip":true},"9":{"name":"(anonymous_9)","line":143,"loc":{"start":{"line":143,"column":45},"end":{"line":143,"column":62}},"skip":true},"10":{"name":"(anonymous_10)","line":144,"loc":{"start":{"line":144,"column":73},"end":{"line":144,"column":92}},"skip":true},"11":{"name":"(anonymous_11)","line":272,"loc":{"start":{"line":272,"column":51},"end":{"line":272,"column":77}},"skip":true},"12":{"name":"(anonymous_12)","line":315,"loc":{"start":{"line":315,"column":32},"end":{"line":315,"column":61}},"skip":true}},"statementMap":{"1":{"start":{"line":26,"column":0},"end":{"line":326,"column":5}},"2":{"start":{"line":28,"column":4},"end":{"line":28,"column":14}},"3":{"start":{"line":33,"column":4},"end":{"line":60,"column":9}},"4":{"start":{"line":35,"column":8},"end":{"line":35,"column":19}},"5":{"start":{"line":37,"column":8},"end":{"line":49,"column":13}},"6":{"start":{"line":38,"column":12},"end":{"line":48,"column":13}},"7":{"start":{"line":39,"column":16},"end":{"line":42,"column":30}},"8":{"start":{"line":44,"column":16},"end":{"line":47,"column":27}},"9":{"start":{"line":51,"column":8},"end":{"line":53,"column":21}},"10":{"start":{"line":55,"column":8},"end":{"line":57,"column":45}},"11":{"start":{"line":59,"column":8},"end":{"line":59,"column":35}},"12":{"start":{"line":61,"column":4},"end":{"line":325,"column":5}},"13":{"start":{"line":69,"column":8},"end":{"line":121,"column":10},"skip":true},"14":{"start":{"line":70,"column":12},"end":{"line":88,"column":13},"skip":true},"15":{"start":{"line":76,"column":16},"end":{"line":87,"column":19},"skip":true},"16":{"start":{"line":79,"column":20},"end":{"line":86,"column":21},"skip":true},"17":{"start":{"line":82,"column":24},"end":{"line":82,"column":43},"skip":true},"18":{"start":{"line":83,"column":24},"end":{"line":83,"column":30},"skip":true},"19":{"start":{"line":85,"column":24},"end":{"line":85,"column":49},"skip":true},"20":{"start":{"line":89,"column":12},"end":{"line":107,"column":13},"skip":true},"21":{"start":{"line":92,"column":16},"end":{"line":102,"column":17},"skip":true},"22":{"start":{"line":93,"column":20},"end":{"line":93,"column":86},"skip":true},"23":{"start":{"line":94,"column":20},"end":{"line":95,"column":45},"skip":true},"24":{"start":{"line":96,"column":20},"end":{"line":96,"column":42},"skip":true},"25":{"start":{"line":97,"column":20},"end":{"line":97,"column":48},"skip":true},"26":{"start":{"line":100,"column":20},"end":{"line":100,"column":85},"skip":true},"27":{"start":{"line":101,"column":20},"end":{"line":101,"column":96},"skip":true},"28":{"start":{"line":103,"column":16},"end":{"line":103,"column":22},"skip":true},"29":{"start":{"line":106,"column":16},"end":{"line":106,"column":22},"skip":true},"30":{"start":{"line":108,"column":12},"end":{"line":120,"column":13},"skip":true},"31":{"start":{"line":114,"column":16},"end":{"line":119,"column":17},"skip":true},"32":{"start":{"line":116,"column":20},"end":{"line":116,"column":78},"skip":true},"33":{"start":{"line":118,"column":20},"end":{"line":118,"column":47},"skip":true},"34":{"start":{"line":123,"column":8},"end":{"line":141,"column":11},"skip":true},"35":{"start":{"line":124,"column":12},"end":{"line":124,"column":54},"skip":true},"36":{"start":{"line":125,"column":12},"end":{"line":140,"column":14},"skip":true},"37":{"start":{"line":126,"column":16},"end":{"line":126,"column":28},"skip":true},"38":{"start":{"line":127,"column":16},"end":{"line":127,"column":69},"skip":true},"39":{"start":{"line":128,"column":16},"end":{"line":128,"column":75},"skip":true},"40":{"start":{"line":129,"column":16},"end":{"line":131,"column":17},"skip":true},"41":{"start":{"line":130,"column":20},"end":{"line":130,"column":27},"skip":true},"42":{"start":{"line":133,"column":16},"end":{"line":137,"column":36},"skip":true},"43":{"start":{"line":134,"column":20},"end":{"line":136,"column":55},"skip":true},"44":{"start":{"line":139,"column":16},"end":{"line":139,"column":57},"skip":true},"45":{"start":{"line":143,"column":8},"end":{"line":147,"column":11},"skip":true},"46":{"start":{"line":144,"column":12},"end":{"line":146,"column":15},"skip":true},"47":{"start":{"line":145,"column":16},"end":{"line":145,"column":70},"skip":true},"48":{"start":{"line":149,"column":8},"end":{"line":149,"column":31},"skip":true},"49":{"start":{"line":150,"column":8},"end":{"line":150,"column":14},"skip":true},"50":{"start":{"line":158,"column":8},"end":{"line":158,"column":31},"skip":true},"51":{"start":{"line":160,"column":8},"end":{"line":160,"column":33},"skip":true},"52":{"start":{"line":161,"column":8},"end":{"line":161,"column":37},"skip":true},"53":{"start":{"line":162,"column":8},"end":{"line":162,"column":35},"skip":true},"54":{"start":{"line":164,"column":8},"end":{"line":164,"column":50},"skip":true},"55":{"start":{"line":166,"column":8},"end":{"line":256,"column":2},"skip":true},"56":{"start":{"line":258,"column":8},"end":{"line":286,"column":9},"skip":true},"57":{"start":{"line":259,"column":12},"end":{"line":269,"column":14},"skip":true},"58":{"start":{"line":271,"column":12},"end":{"line":285,"column":19},"skip":true},"59":{"start":{"line":274,"column":20},"end":{"line":274,"column":35},"skip":true},"60":{"start":{"line":275,"column":20},"end":{"line":284,"column":21},"skip":true},"61":{"start":{"line":277,"column":24},"end":{"line":277,"column":64},"skip":true},"62":{"start":{"line":279,"column":24},"end":{"line":279,"column":40},"skip":true},"63":{"start":{"line":281,"column":24},"end":{"line":281,"column":40},"skip":true},"64":{"start":{"line":283,"column":24},"end":{"line":283,"column":39},"skip":true},"65":{"start":{"line":288,"column":8},"end":{"line":290,"column":9},"skip":true},"66":{"start":{"line":289,"column":12},"end":{"line":289,"column":18},"skip":true},"67":{"start":{"line":291,"column":8},"end":{"line":293,"column":54},"skip":true},"68":{"start":{"line":296,"column":8},"end":{"line":301,"column":37},"skip":true},"69":{"start":{"line":303,"column":8},"end":{"line":303,"column":82},"skip":true},"70":{"start":{"line":306,"column":8},"end":{"line":308,"column":9},"skip":true},"71":{"start":{"line":307,"column":12},"end":{"line":307,"column":82},"skip":true},"72":{"start":{"line":310,"column":8},"end":{"line":312,"column":9},"skip":true},"73":{"start":{"line":311,"column":12},"end":{"line":311,"column":18},"skip":true},"74":{"start":{"line":313,"column":8},"end":{"line":313,"column":54},"skip":true},"75":{"start":{"line":314,"column":8},"end":{"line":314,"column":69},"skip":true},"76":{"start":{"line":315,"column":8},"end":{"line":323,"column":36},"skip":true},"77":{"start":{"line":316,"column":12},"end":{"line":316,"column":61},"skip":true},"78":{"start":{"line":317,"column":12},"end":{"line":320,"column":13},"skip":true},"79":{"start":{"line":318,"column":16},"end":{"line":318,"column":75},"skip":true},"80":{"start":{"line":319,"column":16},"end":{"line":319,"column":23},"skip":true},"81":{"start":{"line":321,"column":12},"end":{"line":321,"column":38},"skip":true},"82":{"start":{"line":322,"column":12},"end":{"line":322,"column":27},"skip":true},"83":{"start":{"line":324,"column":8},"end":{"line":324,"column":14},"skip":true}},"branchMap":{"1":{"line":39,"type":"binary-expr","locations":[{"start":{"line":39,"column":23},"end":{"line":39,"column":62}},{"start":{"line":40,"column":20},"end":{"line":40,"column":70}},{"start":{"line":41,"column":20},"end":{"line":41,"column":71}},{"start":{"line":42,"column":20},"end":{"line":42,"column":29}}]},"2":{"line":44,"type":"binary-expr","locations":[{"start":{"line":44,"column":23},"end":{"line":44,"column":37}},{"start":{"line":45,"column":20},"end":{"line":45,"column":61}},{"start":{"line":46,"column":20},"end":{"line":46,"column":70}},{"start":{"line":47,"column":20},"end":{"line":47,"column":26}}]},"3":{"line":51,"type":"cond-expr","locations":[{"start":{"line":52,"column":14},"end":{"line":52,"column":20}},{"start":{"line":53,"column":14},"end":{"line":53,"column":20}}]},"4":{"line":55,"type":"binary-expr","locations":[{"start":{"line":55,"column":16},"end":{"line":55,"column":44}},{"start":{"line":55,"column":49},"end":{"line":57,"column":43}}]},"5":{"line":55,"type":"cond-expr","locations":[{"start":{"line":56,"column":14},"end":{"line":56,"column":47}},{"start":{"line":57,"column":14},"end":{"line":57,"column":43}}]},"6":{"line":61,"type":"switch","locations":[{"start":{"line":68,"column":4},"end":{"line":150,"column":14},"skip":true},{"start":{"line":156,"column":4},"end":{"line":324,"column":14},"skip":true}]},"7":{"line":70,"type":"if","locations":[{"start":{"line":70,"column":12},"end":{"line":70,"column":12},"skip":true},{"start":{"line":70,"column":12},"end":{"line":70,"column":12},"skip":true}]},"8":{"line":70,"type":"binary-expr","locations":[{"start":{"line":70,"column":16},"end":{"line":70,"column":22},"skip":true},{"start":{"line":70,"column":27},"end":{"line":70,"column":32},"skip":true},{"start":{"line":71,"column":20},"end":{"line":71,"column":39},"skip":true},{"start":{"line":72,"column":20},"end":{"line":72,"column":49},"skip":true},{"start":{"line":73,"column":20},"end":{"line":73,"column":58},"skip":true},{"start":{"line":74,"column":20},"end":{"line":74,"column":69},"skip":true}]},"9":{"line":79,"type":"switch","locations":[{"start":{"line":80,"column":20},"end":{"line":80,"column":33},"skip":true},{"start":{"line":81,"column":20},"end":{"line":83,"column":30},"skip":true},{"start":{"line":84,"column":20},"end":{"line":85,"column":49},"skip":true}]},"10":{"line":89,"type":"switch","locations":[{"start":{"line":90,"column":12},"end":{"line":103,"column":22},"skip":true},{"start":{"line":105,"column":12},"end":{"line":106,"column":22},"skip":true}]},"11":{"line":89,"type":"binary-expr","locations":[{"start":{"line":89,"column":20},"end":{"line":89,"column":25},"skip":true},{"start":{"line":89,"column":29},"end":{"line":89,"column":48},"skip":true},{"start":{"line":89,"column":52},"end":{"line":89,"column":74},"skip":true}]},"12":{"line":92,"type":"if","locations":[{"start":{"line":92,"column":16},"end":{"line":92,"column":16},"skip":true},{"start":{"line":92,"column":16},"end":{"line":92,"column":16},"skip":true}]},"13":{"line":108,"type":"if","locations":[{"start":{"line":108,"column":12},"end":{"line":108,"column":12},"skip":true},{"start":{"line":108,"column":12},"end":{"line":108,"column":12},"skip":true}]},"14":{"line":108,"type":"binary-expr","locations":[{"start":{"line":108,"column":16},"end":{"line":108,"column":61},"skip":true},{"start":{"line":108,"column":66},"end":{"line":108,"column":72},"skip":true},{"start":{"line":108,"column":77},"end":{"line":108,"column":82},"skip":true},{"start":{"line":109,"column":20},"end":{"line":109,"column":39},"skip":true},{"start":{"line":110,"column":20},"end":{"line":110,"column":49},"skip":true},{"start":{"line":111,"column":20},"end":{"line":111,"column":58},"skip":true},{"start":{"line":112,"column":20},"end":{"line":112,"column":68},"skip":true}]},"15":{"line":129,"type":"if","locations":[{"start":{"line":129,"column":16},"end":{"line":129,"column":16},"skip":true},{"start":{"line":129,"column":16},"end":{"line":129,"column":16},"skip":true}]},"16":{"line":134,"type":"cond-expr","locations":[{"start":{"line":135,"column":26},"end":{"line":135,"column":29},"skip":true},{"start":{"line":136,"column":26},"end":{"line":136,"column":54},"skip":true}]},"17":{"line":164,"type":"binary-expr","locations":[{"start":{"line":164,"column":27},"end":{"line":164,"column":43},"skip":true},{"start":{"line":164,"column":47},"end":{"line":164,"column":49},"skip":true}]},"18":{"line":258,"type":"if","locations":[{"start":{"line":258,"column":8},"end":{"line":258,"column":8},"skip":true},{"start":{"line":258,"column":8},"end":{"line":258,"column":8},"skip":true}]},"19":{"line":275,"type":"switch","locations":[{"start":{"line":276,"column":20},"end":{"line":277,"column":64},"skip":true},{"start":{"line":278,"column":20},"end":{"line":279,"column":40},"skip":true},{"start":{"line":280,"column":20},"end":{"line":281,"column":40},"skip":true},{"start":{"line":282,"column":20},"end":{"line":283,"column":39},"skip":true}]},"20":{"line":288,"type":"if","locations":[{"start":{"line":288,"column":8},"end":{"line":288,"column":8},"skip":true},{"start":{"line":288,"column":8},"end":{"line":288,"column":8},"skip":true}]},"21":{"line":288,"type":"binary-expr","locations":[{"start":{"line":288,"column":12},"end":{"line":288,"column":40},"skip":true},{"start":{"line":288,"column":44},"end":{"line":288,"column":67},"skip":true}]},"22":{"line":292,"type":"binary-expr","locations":[{"start":{"line":292,"column":12},"end":{"line":292,"column":50},"skip":true},{"start":{"line":293,"column":12},"end":{"line":293,"column":53},"skip":true}]},"23":{"line":297,"type":"binary-expr","locations":[{"start":{"line":297,"column":12},"end":{"line":297,"column":61},"skip":true},{"start":{"line":298,"column":12},"end":{"line":301,"column":36},"skip":true}]},"24":{"line":303,"type":"binary-expr","locations":[{"start":{"line":303,"column":43},"end":{"line":303,"column":75},"skip":true},{"start":{"line":303,"column":79},"end":{"line":303,"column":81},"skip":true}]},"25":{"line":306,"type":"if","locations":[{"start":{"line":306,"column":8},"end":{"line":306,"column":8},"skip":true},{"start":{"line":306,"column":8},"end":{"line":306,"column":8},"skip":true}]},"26":{"line":310,"type":"if","locations":[{"start":{"line":310,"column":8},"end":{"line":310,"column":8},"skip":true},{"start":{"line":310,"column":8},"end":{"line":310,"column":8},"skip":true}]},"27":{"line":313,"type":"binary-expr","locations":[{"start":{"line":313,"column":27},"end":{"line":313,"column":43},"skip":true},{"start":{"line":313,"column":47},"end":{"line":313,"column":53},"skip":true}]},"28":{"line":317,"type":"if","locations":[{"start":{"line":317,"column":12},"end":{"line":317,"column":12},"skip":true},{"start":{"line":317,"column":12},"end":{"line":317,"column":12},"skip":true}]}},"code":["/*","example.js","","quickstart example","","instruction","    1. save this script as example.js","    2. run the shell command:","        $ npm install npmtest-fis && PORT=8081 node example.js","    3. play with the browser-demo on http://127.0.0.1:8081","*/","","","","/* istanbul instrument in package npmtest_fis */","/*jslint","    bitwise: true,","    browser: true,","    maxerr: 8,","    maxlen: 96,","    node: true,","    nomen: true,","    regexp: true,","    stupid: true","*/","(function () {","    'use strict';","    var local;","","","","    // run shared js-env code - pre-init","    (function () {","        // init local","        local = {};","        // init modeJs","        local.modeJs = (function () {","            try {","                return typeof navigator.userAgent === 'string' &&","                    typeof document.querySelector('body') === 'object' &&","                    typeof XMLHttpRequest.prototype.open === 'function' &&","                    'browser';","            } catch (errorCaughtBrowser) {","                return module.exports &&","                    typeof process.versions.node === 'string' &&","                    typeof require('http').createServer === 'function' &&","                    'node';","            }","        }());","        // init global","        local.global = local.modeJs === 'browser'","            ? window","            : global;","        // init utility2_rollup","        local = local.global.utility2_rollup || (local.modeJs === 'browser'","            ? local.global.utility2_npmtest_fis","            : global.utility2_moduleExports);","        // export local","        local.global.local = local;","    }());","    switch (local.modeJs) {","","","","    // post-init","    // run browser js-env code - post-init","    /* istanbul ignore next */","    case 'browser':","        local.testRunBrowser = function (event) {","            if (!event || (event &&","                    event.currentTarget &&","                    event.currentTarget.className &&","                    event.currentTarget.className.includes &&","                    event.currentTarget.className.includes('onreset'))) {","                // reset output","                Array.from(","                    document.querySelectorAll('body > .resettable')","                ).forEach(function (element) {","                    switch (element.tagName) {","                    case 'INPUT':","                    case 'TEXTAREA':","                        element.value = '';","                        break;","                    default:","                        element.textContent = '';","                    }","                });","            }","            switch (event && event.currentTarget && event.currentTarget.id) {","            case 'testRunButton1':","                // show tests","                if (document.querySelector('#testReportDiv1').style.display === 'none') {","                    document.querySelector('#testReportDiv1').style.display = 'block';","                    document.querySelector('#testRunButton1').textContent =","                        'hide internal test';","                    local.modeTest = true;","                    local.testRunDefault(local);","                // hide tests","                } else {","                    document.querySelector('#testReportDiv1').style.display = 'none';","                    document.querySelector('#testRunButton1').textContent = 'run internal test';","                }","                break;","            // custom-case","            default:","                break;","            }","            if (document.querySelector('#inputTextareaEval1') && (!event || (event &&","                    event.currentTarget &&","                    event.currentTarget.className &&","                    event.currentTarget.className.includes &&","                    event.currentTarget.className.includes('oneval')))) {","                // try to eval input-code","                try {","                    /*jslint evil: true*/","                    eval(document.querySelector('#inputTextareaEval1').value);","                } catch (errorCaught) {","                    console.error(errorCaught);","                }","            }","        };","        // log stderr and stdout to #outputTextareaStdout1","        ['error', 'log'].forEach(function (key) {","            console[key + '_original'] = console[key];","            console[key] = function () {","                var element;","                console[key + '_original'].apply(console, arguments);","                element = document.querySelector('#outputTextareaStdout1');","                if (!element) {","                    return;","                }","                // append text to #outputTextareaStdout1","                element.value += Array.from(arguments).map(function (arg) {","                    return typeof arg === 'string'","                        ? arg","                        : JSON.stringify(arg, null, 4);","                }).join(' ') + '\\n';","                // scroll textarea to bottom","                element.scrollTop = element.scrollHeight;","            };","        });","        // init event-handling","        ['change', 'click', 'keyup'].forEach(function (event) {","            Array.from(document.querySelectorAll('.on' + event)).forEach(function (element) {","                element.addEventListener(event, local.testRunBrowser);","            });","        });","        // run tests","        local.testRunBrowser();","        break;","","","","    // run node js-env code - post-init","    /* istanbul ignore next */","    case 'node':","        // export local","        module.exports = local;","        // require modules","        local.fs = require('fs');","        local.http = require('http');","        local.url = require('url');","        // init assets","        local.assetsDict = local.assetsDict || {};","        /* jslint-ignore-begin */","        local.assetsDict['/assets.index.template.html'] = '\\","<!doctype html>\\n\\","<html lang=\"en\">\\n\\","<head>\\n\\","<meta charset=\"UTF-8\">\\n\\","<meta name=\"viewport\" content=\"width=device-width, initial-scale=1\">\\n\\","<title>{{env.npm_package_name}} (v{{env.npm_package_version}})</title>\\n\\","<style>\\n\\","/*csslint\\n\\","    box-sizing: false,\\n\\","    universal-selector: false\\n\\","*/\\n\\","* {\\n\\","    box-sizing: border-box;\\n\\","}\\n\\","body {\\n\\","    background: #dde;\\n\\","    font-family: Arial, Helvetica, sans-serif;\\n\\","    margin: 2rem;\\n\\","}\\n\\","body > * {\\n\\","    margin-bottom: 1rem;\\n\\","}\\n\\",".utility2FooterDiv {\\n\\","    margin-top: 20px;\\n\\","    text-align: center;\\n\\","}\\n\\","</style>\\n\\","<style>\\n\\","/*csslint\\n\\","*/\\n\\","textarea {\\n\\","    font-family: monospace;\\n\\","    height: 10rem;\\n\\","    width: 100%;\\n\\","}\\n\\","textarea[readonly] {\\n\\","    background: #ddd;\\n\\","}\\n\\","</style>\\n\\","</head>\\n\\","<body>\\n\\","<!-- utility2-comment\\n\\","<div id=\"ajaxProgressDiv1\" style=\"background: #d00; height: 2px; left: 0; margin: 0; padding: 0; position: fixed; top: 0; transition: background 0.5s, width 1.5s; width: 25%;\"></div>\\n\\","utility2-comment -->\\n\\","<h1>\\n\\","<!-- utility2-comment\\n\\","    <a\\n\\","        {{#if env.npm_package_homepage}}\\n\\","        href=\"{{env.npm_package_homepage}}\"\\n\\","        {{/if env.npm_package_homepage}}\\n\\","        target=\"_blank\"\\n\\","    >\\n\\","utility2-comment -->\\n\\","        {{env.npm_package_name}} (v{{env.npm_package_version}})\\n\\","<!-- utility2-comment\\n\\","    </a>\\n\\","utility2-comment -->\\n\\","</h1>\\n\\","<h3>{{env.npm_package_description}}</h3>\\n\\","<!-- utility2-comment\\n\\","<h4><a download href=\"assets.app.js\">download standalone app</a></h4>\\n\\","<button class=\"onclick onreset\" id=\"testRunButton1\">run internal test</button><br>\\n\\","<div id=\"testReportDiv1\" style=\"display: none;\"></div>\\n\\","utility2-comment -->\\n\\","\\n\\","\\n\\","\\n\\","<label>stderr and stdout</label>\\n\\","<textarea class=\"resettable\" id=\"outputTextareaStdout1\" readonly></textarea>\\n\\","<!-- utility2-comment\\n\\","{{#if isRollup}}\\n\\","<script src=\"assets.app.js\"></script>\\n\\","{{#unless isRollup}}\\n\\","utility2-comment -->\\n\\","<script src=\"assets.utility2.rollup.js\"></script>\\n\\","<script src=\"jsonp.utility2._stateInit?callback=window.utility2._stateInit\"></script>\\n\\","<script src=\"assets.npmtest_fis.rollup.js\"></script>\\n\\","<script src=\"assets.example.js\"></script>\\n\\","<script src=\"assets.test.js\"></script>\\n\\","<!-- utility2-comment\\n\\","{{/if isRollup}}\\n\\","utility2-comment -->\\n\\","<div class=\"utility2FooterDiv\">\\n\\","    [ this app was created with\\n\\","    <a href=\"https://github.com/kaizhu256/node-utility2\" target=\"_blank\">utility2</a>\\n\\","    ]\\n\\","</div>\\n\\","</body>\\n\\","</html>\\n\\","';","        /* jslint-ignore-end */","        if (local.templateRender) {","            local.assetsDict['/'] = local.templateRender(","                local.assetsDict['/assets.index.template.html'],","                {","                    env: local.objectSetDefault(local.env, {","                        npm_package_description: 'the greatest app in the world!',","                        npm_package_name: 'my-app',","                        npm_package_nameAlias: 'my_app',","                        npm_package_version: '0.0.1'","                    })","                }","            );","        } else {","            local.assetsDict['/'] = local.assetsDict['/assets.index.template.html']","                .replace((/\\{\\{env\\.(\\w+?)\\}\\}/g), function (match0, match1) {","                    // jslint-hack","                    String(match0);","                    switch (match1) {","                    case 'npm_package_description':","                        return 'the greatest app in the world!';","                    case 'npm_package_name':","                        return 'my-app';","                    case 'npm_package_nameAlias':","                        return 'my_app';","                    case 'npm_package_version':","                        return '0.0.1';","                    }","                });","        }","        // run the cli","        if (local.global.utility2_rollup || module !== require.main) {","            break;","        }","        local.assetsDict['/assets.example.js'] =","            local.assetsDict['/assets.example.js'] ||","            local.fs.readFileSync(__filename, 'utf8');","        // bug-workaround - long $npm_package_buildCustomOrg","        /* jslint-ignore-begin */","        local.assetsDict['/assets.npmtest_fis.rollup.js'] =","            local.assetsDict['/assets.npmtest_fis.rollup.js'] ||","            local.fs.readFileSync(","                local.npmtest_fis.__dirname + '/lib.npmtest_fis.js',","                'utf8'","            ).replace((/^#!/), '//');","        /* jslint-ignore-end */","        local.assetsDict['/favicon.ico'] = local.assetsDict['/favicon.ico'] || '';","        // if $npm_config_timeout_exit exists,","        // then exit this process after $npm_config_timeout_exit ms","        if (Number(process.env.npm_config_timeout_exit)) {","            setTimeout(process.exit, Number(process.env.npm_config_timeout_exit));","        }","        // start server","        if (local.global.utility2_serverHttp1) {","            break;","        }","        process.env.PORT = process.env.PORT || '8081';","        console.error('server starting on port ' + process.env.PORT);","        local.http.createServer(function (request, response) {","            request.urlParsed = local.url.parse(request.url);","            if (local.assetsDict[request.urlParsed.pathname] !== undefined) {","                response.end(local.assetsDict[request.urlParsed.pathname]);","                return;","            }","            response.statusCode = 404;","            response.end();","        }).listen(process.env.PORT);","        break;","    }","}());",""],"l":{"26":2,"28":2,"33":2,"35":2,"37":2,"38":2,"39":2,"44":1,"51":2,"55":2,"59":2,"61":2,"69":1,"70":2,"76":2,"79":2,"82":2,"83":2,"85":1,"89":2,"92":1,"93":1,"94":1,"96":1,"97":1,"100":1,"101":1,"103":1,"106":1,"108":2,"114":1,"116":1,"118":1,"123":1,"124":2,"125":2,"126":3,"127":3,"128":3,"129":3,"130":1,"133":3,"134":3,"139":3,"143":1,"144":3,"145":1,"149":1,"150":1,"158":1,"160":1,"161":1,"162":1,"164":1,"166":1,"258":1,"259":1,"271":1,"274":6,"275":6,"277":1,"279":2,"281":1,"283":2,"288":1,"289":1,"291":1,"296":1,"303":1,"306":1,"307":1,"310":1,"311":1,"313":1,"314":1,"315":1,"316":1,"317":1,"318":1,"319":1,"321":1,"322":1,"324":1}},"/home/travis/build/npmtest/node-npmtest-fis/node_modules/fis/fis.js":{"path":"/home/travis/build/npmtest/node-npmtest-fis/node_modules/fis/fis.js","s":{"1":1,"2":1,"3":1,"4":1,"5":1,"6":1,"7":1,"8":1,"9":0,"10":0,"11":0,"12":0,"13":0,"14":0,"15":0,"16":0,"17":1,"18":1,"19":0,"20":0,"21":1,"22":0,"23":0,"24":0,"25":0,"26":0,"27":0,"28":0,"29":1,"30":0,"31":0,"32":0,"33":0,"34":0,"35":0,"36":0,"37":0,"38":0,"39":0,"40":0,"41":0,"42":0,"43":0},"b":{"1":[0,0],"2":[0,0],"3":[0,0],"4":[0,0],"5":[0,0,0],"6":[0,0],"7":[0,0],"8":[0,0],"9":[0,0]},"f":{"1":0,"2":0,"3":0,"4":0,"5":0},"fnMap":{"1":{"name":"(anonymous_1)","line":49,"loc":{"start":{"line":49,"column":15},"end":{"line":49,"column":25}}},"2":{"name":"(anonymous_2)","line":58,"loc":{"start":{"line":58,"column":34},"end":{"line":58,"column":48}}},"3":{"name":"(anonymous_3)","line":80,"loc":{"start":{"line":80,"column":18},"end":{"line":80,"column":28}}},"4":{"name":"hasArgv","line":99,"loc":{"start":{"line":99,"column":0},"end":{"line":99,"column":30}}},"5":{"name":"(anonymous_5)","line":111,"loc":{"start":{"line":111,"column":14},"end":{"line":111,"column":28}}}},"statementMap":{"1":{"start":{"line":9,"column":0},"end":{"line":9,"column":49}},"2":{"start":{"line":12,"column":0},"end":{"line":32,"column":3}},"3":{"start":{"line":35,"column":0},"end":{"line":35,"column":13}},"4":{"start":{"line":37,"column":0},"end":{"line":37,"column":21}},"5":{"start":{"line":40,"column":0},"end":{"line":40,"column":35}},"6":{"start":{"line":43,"column":0},"end":{"line":43,"column":25}},"7":{"start":{"line":46,"column":0},"end":{"line":46,"column":62}},"8":{"start":{"line":49,"column":0},"end":{"line":75,"column":2}},"9":{"start":{"line":50,"column":4},"end":{"line":56,"column":6}},"10":{"start":{"line":58,"column":4},"end":{"line":63,"column":7}},"11":{"start":{"line":59,"column":8},"end":{"line":59,"column":47}},"12":{"start":{"line":60,"column":8},"end":{"line":60,"column":32}},"13":{"start":{"line":61,"column":8},"end":{"line":61,"column":38}},"14":{"start":{"line":62,"column":8},"end":{"line":62,"column":55}},"15":{"start":{"line":65,"column":4},"end":{"line":73,"column":7}},"16":{"start":{"line":74,"column":4},"end":{"line":74,"column":36}},"17":{"start":{"line":77,"column":0},"end":{"line":77,"column":59}},"18":{"start":{"line":80,"column":0},"end":{"line":97,"column":2}},"19":{"start":{"line":81,"column":4},"end":{"line":95,"column":17}},"20":{"start":{"line":96,"column":4},"end":{"line":96,"column":25}},"21":{"start":{"line":99,"column":0},"end":{"line":108,"column":1}},"22":{"start":{"line":100,"column":4},"end":{"line":100,"column":35}},"23":{"start":{"line":101,"column":4},"end":{"line":101,"column":20}},"24":{"start":{"line":102,"column":4},"end":{"line":106,"column":5}},"25":{"start":{"line":103,"column":8},"end":{"line":103,"column":28}},"26":{"start":{"line":104,"column":8},"end":{"line":104,"column":35}},"27":{"start":{"line":105,"column":8},"end":{"line":105,"column":19}},"28":{"start":{"line":107,"column":4},"end":{"line":107,"column":15}},"29":{"start":{"line":111,"column":0},"end":{"line":138,"column":2}},"30":{"start":{"line":113,"column":4},"end":{"line":113,"column":35}},"31":{"start":{"line":115,"column":4},"end":{"line":117,"column":5}},"32":{"start":{"line":116,"column":8},"end":{"line":116,"column":37}},"33":{"start":{"line":119,"column":4},"end":{"line":119,"column":24}},"34":{"start":{"line":120,"column":4},"end":{"line":137,"column":5}},"35":{"start":{"line":121,"column":8},"end":{"line":121,"column":23}},"36":{"start":{"line":122,"column":11},"end":{"line":137,"column":5}},"37":{"start":{"line":123,"column":8},"end":{"line":123,"column":26}},"38":{"start":{"line":124,"column":11},"end":{"line":137,"column":5}},"39":{"start":{"line":125,"column":8},"end":{"line":125,"column":23}},"40":{"start":{"line":128,"column":8},"end":{"line":128,"column":65}},"41":{"start":{"line":129,"column":8},"end":{"line":129,"column":50}},"42":{"start":{"line":130,"column":8},"end":{"line":135,"column":10}},"43":{"start":{"line":136,"column":8},"end":{"line":136,"column":30}}},"branchMap":{"1":{"line":60,"type":"binary-expr","locations":[{"start":{"line":60,"column":15},"end":{"line":60,"column":23}},{"start":{"line":60,"column":27},"end":{"line":60,"column":31}}]},"2":{"line":62,"type":"binary-expr","locations":[{"start":{"line":62,"column":38},"end":{"line":62,"column":46}},{"start":{"line":62,"column":50},"end":{"line":62,"column":52}}]},"3":{"line":115,"type":"if","locations":[{"start":{"line":115,"column":4},"end":{"line":115,"column":4}},{"start":{"line":115,"column":4},"end":{"line":115,"column":4}}]},"4":{"line":120,"type":"if","locations":[{"start":{"line":120,"column":4},"end":{"line":120,"column":4}},{"start":{"line":120,"column":4},"end":{"line":120,"column":4}}]},"5":{"line":120,"type":"binary-expr","locations":[{"start":{"line":120,"column":7},"end":{"line":120,"column":22}},{"start":{"line":120,"column":26},"end":{"line":120,"column":40}},{"start":{"line":120,"column":45},"end":{"line":120,"column":63}}]},"6":{"line":122,"type":"if","locations":[{"start":{"line":122,"column":11},"end":{"line":122,"column":11}},{"start":{"line":122,"column":11},"end":{"line":122,"column":11}}]},"7":{"line":122,"type":"binary-expr","locations":[{"start":{"line":122,"column":14},"end":{"line":122,"column":28}},{"start":{"line":122,"column":32},"end":{"line":122,"column":53}}]},"8":{"line":124,"type":"if","locations":[{"start":{"line":124,"column":11},"end":{"line":124,"column":11}},{"start":{"line":124,"column":11},"end":{"line":124,"column":11}}]},"9":{"line":132,"type":"binary-expr","locations":[{"start":{"line":132,"column":25},"end":{"line":132,"column":33}},{"start":{"line":132,"column":37},"end":{"line":132,"column":42}}]}},"code":["/*"," * fis"," * http://fis.baidu.com/"," */","","'use strict';","","//kernel","var fis = module.exports = require('fis-kernel');","","//merge standard conf","fis.config.merge({","    modules : {","        preprocessor: {","            js: 'components',","            css: 'components',","            html: 'components'","        },","        postprocessor : {","            js : 'jswrapper'","        },","        optimizer : {","            js : 'uglify-js',","            css : 'clean-css',","            png : 'png-compressor'","        },","        spriter : 'csssprites',","        packager : 'map',","        deploy : 'default',","        prepackager: 'derived'","    }","});","","//exports cli object","fis.cli = {};","","fis.cli.name = 'fis';","","//colors","fis.cli.colors = require('colors');","","//commander object","fis.cli.commander = null;","","//package.json","fis.cli.info = fis.util.readJSON(__dirname + '/package.json');","","//output help info","fis.cli.help = function(){","    var content = [","        '',","        '  Usage: ' + fis.cli.name + ' <command>',","        '',","        '  Commands:',","        ''","    ];","","    fis.cli.help.commands.forEach(function(name){","        var cmd = fis.require('command', name);","        name = cmd.name || name;","        name = fis.util.pad(name, 12);","        content.push('    ' + name + (cmd.desc || ''));","    });","","    content = content.concat([","        '',","        '  Options:',","        '',","        '    -h, --help     output usage information',","        '    -v, --version  output the version number',","        '    --no-color     disable colored output',","        ''","    ]);","    console.log(content.join('\\n'));","};","","fis.cli.help.commands = [ 'release', 'install', 'server' ];","","//output version info","fis.cli.version = function(){","    var content = [","        '',","        '  v' + fis.cli.info.version,","        '',","        ' __' + '/\\\\\\\\\\\\\\\\\\\\\\\\\\\\\\\\\\\\\\\\\\\\\\\\\\\\\\\\\\\\'.bold.red + '__' + '/\\\\\\\\\\\\\\\\\\\\\\\\\\\\\\\\\\\\\\\\\\\\'.bold.yellow + '_____' + '/\\\\\\\\\\\\\\\\\\\\\\\\\\\\\\\\\\\\\\\\\\\\'.bold.green + '___',","        '  _' + '\\\\/\\\\\\\\\\\\///////////'.bold.red + '__' + '\\\\/////\\\\\\\\\\\\///'.bold.yellow + '____' + '/\\\\\\\\\\\\/////////\\\\\\\\\\\\'.bold.green + '_' + '       ',","        '   _' + '\\\\/\\\\\\\\\\\\'.bold.red + '_________________' + '\\\\/\\\\\\\\\\\\'.bold.yellow + '______' + '\\\\//\\\\\\\\\\\\'.bold.green + '______' + '\\\\///'.bold.green + '__',","        '    _' + '\\\\/\\\\\\\\\\\\\\\\\\\\\\\\\\\\\\\\\\\\\\\\\\\\'.bold.red + '_________' + '\\\\/\\\\\\\\\\\\'.bold.yellow + '_______' + '\\\\////\\\\\\\\\\\\'.bold.green + '_________' + '     ',","        '     _' + '\\\\/\\\\\\\\\\\\///////'.bold.red + '__________' + '\\\\/\\\\\\\\\\\\'.bold.yellow + '__________' + '\\\\////\\\\\\\\\\\\'.bold.green + '______' + '    ',","        '      _' + '\\\\/\\\\\\\\\\\\'.bold.red + '_________________' + '\\\\/\\\\\\\\\\\\'.bold.yellow + '_____________' + '\\\\////\\\\\\\\\\\\'.bold.green + '___' + '   ',","        '       _' + '\\\\/\\\\\\\\\\\\'.bold.red + '_________________' + '\\\\/\\\\\\\\\\\\'.bold.yellow + '______' + '/\\\\\\\\\\\\'.bold.green + '______' + '\\\\//\\\\\\\\\\\\'.bold.green + '__',","        '        _' + '\\\\/\\\\\\\\\\\\'.bold.red + '______________' + '/\\\\\\\\\\\\\\\\\\\\\\\\\\\\\\\\\\\\\\\\\\\\'.bold.yellow + '_' + '\\\\///\\\\\\\\\\\\\\\\\\\\\\\\\\\\\\\\\\\\\\\\\\\\/'.bold.green + '___',","        '         _' + '\\\\///'.bold.red + '______________' + '\\\\///////////'.bold.yellow + '____' + '\\\\///////////'.bold.green + '_____',","        ''","    ].join('\\n');","    console.log(content);","};","","function hasArgv(argv, search){","    var pos = argv.indexOf(search);","    var ret = false;","    while(pos > -1){","        argv.splice(pos, 1);","        pos = argv.indexOf(search);","        ret = true;","    }","    return ret;","}","","//run cli tools","fis.cli.run = function(argv){","","    fis.processCWD = process.cwd();","","    if(hasArgv(argv, '--no-color')){","        fis.cli.colors.mode = 'none';","    }","","    var first = argv[2];","    if(argv.length < 3 || first === '-h' ||  first === '--help'){","        fis.cli.help();","    } else if(first === '-v' || first === '--version'){","        fis.cli.version();","    } else if(first[0] === '-'){","        fis.cli.help();","    } else {","        //register command","        var commander = fis.cli.commander = require('commander');","        var cmd = fis.require('command', argv[2]);","        cmd.register(","            commander","                .command(cmd.name || first)","                .usage(cmd.usage)","                .description(cmd.desc)","        );","        commander.parse(argv);","    }","};",""],"l":{"9":1,"12":1,"35":1,"37":1,"40":1,"43":1,"46":1,"49":1,"50":0,"58":0,"59":0,"60":0,"61":0,"62":0,"65":0,"74":0,"77":1,"80":1,"81":0,"96":0,"99":1,"100":0,"101":0,"102":0,"103":0,"104":0,"105":0,"107":0,"111":1,"113":0,"115":0,"116":0,"119":0,"120":0,"121":0,"122":0,"123":0,"124":0,"125":0,"128":0,"129":0,"130":0,"136":0}},"/home/travis/build/npmtest/node-npmtest-fis/node_modules/fis-kernel/fis-kernel.js":{"path":"/home/travis/build/npmtest/node-npmtest-fis/node_modules/fis-kernel/fis-kernel.js","s":{"1":1,"2":1,"3":3,"4":1,"5":1,"6":1,"7":3,"8":3,"9":1,"10":1,"11":3,"12":3,"13":3,"14":3,"15":0,"16":0,"17":3,"18":3,"19":28,"20":28,"21":3,"22":3,"23":3,"24":1,"25":2,"26":1,"27":0,"28":2,"29":2,"30":0,"31":1,"32":1,"33":1,"34":1,"35":0,"36":0,"37":1,"38":1,"39":0,"40":0,"41":0,"42":0,"43":0,"44":0,"45":0,"46":0,"47":0,"48":0,"49":0,"50":0,"51":0,"52":0,"53":0,"54":0,"55":1,"56":1,"57":1,"58":1,"59":1,"60":1,"61":1,"62":1,"63":1,"64":1,"65":1,"66":1},"b":{"1":[1,2],"2":[1,0],"3":[0,0],"4":[3,0],"5":[28,0],"6":[0,0],"7":[0,0]},"f":{"1":3,"2":0,"3":1,"4":3,"5":2,"6":0,"7":0,"8":0,"9":0},"fnMap":{"1":{"name":"(anonymous_1)","line":11,"loc":{"start":{"line":11,"column":28},"end":{"line":11,"column":56}}},"2":{"name":"(anonymous_2)","line":14,"loc":{"start":{"line":14,"column":43},"end":{"line":14,"column":53}}},"3":{"name":"(anonymous_3)","line":18,"loc":{"start":{"line":18,"column":13},"end":{"line":18,"column":23}}},"4":{"name":"(anonymous_4)","line":22,"loc":{"start":{"line":22,"column":14},"end":{"line":22,"column":24}}},"5":{"name":"(anonymous_5)","line":44,"loc":{"start":{"line":44,"column":29},"end":{"line":44,"column":39}}},"6":{"name":"F","line":46,"loc":{"start":{"line":46,"column":4},"end":{"line":46,"column":20}}},"7":{"name":"(anonymous_7)","line":50,"loc":{"start":{"line":50,"column":11},"end":{"line":50,"column":21}}},"8":{"name":"(anonymous_8)","line":67,"loc":{"start":{"line":67,"column":11},"end":{"line":67,"column":26}}},"9":{"name":"(anonymous_9)","line":76,"loc":{"start":{"line":76,"column":14},"end":{"line":76,"column":24}}}},"statementMap":{"1":{"start":{"line":8,"column":0},"end":{"line":8,"column":22}},"2":{"start":{"line":11,"column":0},"end":{"line":41,"column":2}},"3":{"start":{"line":12,"column":4},"end":{"line":16,"column":5}},"4":{"start":{"line":13,"column":8},"end":{"line":13,"column":28}},"5":{"start":{"line":14,"column":8},"end":{"line":14,"column":56}},"6":{"start":{"line":15,"column":8},"end":{"line":15,"column":33}},"7":{"start":{"line":17,"column":4},"end":{"line":17,"column":22}},"8":{"start":{"line":18,"column":4},"end":{"line":21,"column":6}},"9":{"start":{"line":19,"column":8},"end":{"line":19,"column":38}},"10":{"start":{"line":20,"column":8},"end":{"line":20,"column":43}},"11":{"start":{"line":22,"column":4},"end":{"line":22,"column":27}},"12":{"start":{"line":23,"column":4},"end":{"line":23,"column":37}},"13":{"start":{"line":24,"column":4},"end":{"line":26,"column":12}},"14":{"start":{"line":27,"column":4},"end":{"line":31,"column":5}},"15":{"start":{"line":28,"column":8},"end":{"line":30,"column":9}},"16":{"start":{"line":29,"column":12},"end":{"line":29,"column":30}},"17":{"start":{"line":32,"column":4},"end":{"line":32,"column":24}},"18":{"start":{"line":33,"column":4},"end":{"line":37,"column":5}},"19":{"start":{"line":34,"column":8},"end":{"line":36,"column":9}},"20":{"start":{"line":35,"column":12},"end":{"line":35,"column":33}},"21":{"start":{"line":38,"column":4},"end":{"line":38,"column":55}},"22":{"start":{"line":39,"column":4},"end":{"line":39,"column":22}},"23":{"start":{"line":40,"column":4},"end":{"line":40,"column":14}},"24":{"start":{"line":44,"column":0},"end":{"line":53,"column":2}},"25":{"start":{"line":45,"column":4},"end":{"line":45,"column":21}},"26":{"start":{"line":46,"column":4},"end":{"line":48,"column":5}},"27":{"start":{"line":47,"column":8},"end":{"line":47,"column":32}},"28":{"start":{"line":49,"column":4},"end":{"line":49,"column":34}},"29":{"start":{"line":50,"column":4},"end":{"line":52,"column":6}},"30":{"start":{"line":51,"column":8},"end":{"line":51,"column":32}},"31":{"start":{"line":55,"column":0},"end":{"line":55,"column":30}},"32":{"start":{"line":58,"column":0},"end":{"line":62,"column":3}},"33":{"start":{"line":64,"column":0},"end":{"line":64,"column":51}},"34":{"start":{"line":67,"column":0},"end":{"line":70,"column":2}},"35":{"start":{"line":68,"column":4},"end":{"line":68,"column":60}},"36":{"start":{"line":69,"column":4},"end":{"line":69,"column":22}},"37":{"start":{"line":73,"column":0},"end":{"line":73,"column":34}},"38":{"start":{"line":76,"column":0},"end":{"line":98,"column":2}},"39":{"start":{"line":77,"column":4},"end":{"line":77,"column":13}},"40":{"start":{"line":78,"column":4},"end":{"line":78,"column":66}},"41":{"start":{"line":79,"column":4},"end":{"line":79,"column":80}},"42":{"start":{"line":79,"column":48},"end":{"line":79,"column":80}},"43":{"start":{"line":80,"column":4},"end":{"line":80,"column":19}},"44":{"start":{"line":81,"column":4},"end":{"line":96,"column":5}},"45":{"start":{"line":82,"column":8},"end":{"line":95,"column":9}},"46":{"start":{"line":83,"column":12},"end":{"line":83,"column":66}},"47":{"start":{"line":84,"column":12},"end":{"line":84,"column":35}},"48":{"start":{"line":85,"column":12},"end":{"line":85,"column":47}},"49":{"start":{"line":86,"column":12},"end":{"line":90,"column":13}},"50":{"start":{"line":87,"column":16},"end":{"line":87,"column":70}},"51":{"start":{"line":89,"column":16},"end":{"line":89,"column":87}},"52":{"start":{"line":92,"column":12},"end":{"line":94,"column":13}},"53":{"start":{"line":93,"column":16},"end":{"line":93,"column":24}},"54":{"start":{"line":97,"column":4},"end":{"line":97,"column":74}},"55":{"start":{"line":100,"column":0},"end":{"line":100,"column":24}},"56":{"start":{"line":102,"column":0},"end":{"line":102,"column":31}},"57":{"start":{"line":105,"column":0},"end":{"line":105,"column":40}},"58":{"start":{"line":108,"column":0},"end":{"line":108,"column":36}},"59":{"start":{"line":111,"column":0},"end":{"line":111,"column":34}},"60":{"start":{"line":114,"column":0},"end":{"line":114,"column":42}},"61":{"start":{"line":117,"column":0},"end":{"line":117,"column":36}},"62":{"start":{"line":120,"column":0},"end":{"line":120,"column":38}},"63":{"start":{"line":123,"column":0},"end":{"line":123,"column":42}},"64":{"start":{"line":126,"column":0},"end":{"line":126,"column":42}},"65":{"start":{"line":129,"column":0},"end":{"line":129,"column":58}},"66":{"start":{"line":132,"column":0},"end":{"line":132,"column":31}}},"branchMap":{"1":{"line":12,"type":"if","locations":[{"start":{"line":12,"column":4},"end":{"line":12,"column":4}},{"start":{"line":12,"column":4},"end":{"line":12,"column":4}}]},"2":{"line":14,"type":"binary-expr","locations":[{"start":{"line":14,"column":22},"end":{"line":14,"column":39}},{"start":{"line":14,"column":43},"end":{"line":14,"column":55}}]},"3":{"line":28,"type":"if","locations":[{"start":{"line":28,"column":8},"end":{"line":28,"column":8}},{"start":{"line":28,"column":8},"end":{"line":28,"column":8}}]},"4":{"line":32,"type":"binary-expr","locations":[{"start":{"line":32,"column":12},"end":{"line":32,"column":17}},{"start":{"line":32,"column":21},"end":{"line":32,"column":23}}]},"5":{"line":34,"type":"if","locations":[{"start":{"line":34,"column":8},"end":{"line":34,"column":8}},{"start":{"line":34,"column":8},"end":{"line":34,"column":8}}]},"6":{"line":79,"type":"if","locations":[{"start":{"line":79,"column":4},"end":{"line":79,"column":4}},{"start":{"line":79,"column":4},"end":{"line":79,"column":4}}]},"7":{"line":92,"type":"if","locations":[{"start":{"line":92,"column":12},"end":{"line":92,"column":12}},{"start":{"line":92,"column":12},"end":{"line":92,"column":12}}]}},"code":["/*"," * fis"," * http://fis.baidu.com/"," */","","'use strict';","","var last = Date.now();","","//oo","Function.prototype.derive = function(constructor, proto){","    if(typeof constructor === 'object'){","        proto = constructor;","        constructor = proto.constructor || function(){};","        delete proto.constructor;","    }","    var parent = this;","    var fn = function(){","        parent.apply(this, arguments);","        constructor.apply(this, arguments);","    };","    var tmp = function(){};","    tmp.prototype = parent.prototype;","    var fp = new tmp(),","        cp = constructor.prototype,","        key;","    for(key in cp){","        if(cp.hasOwnProperty(key)){","            fp[key] = cp[key];","        }","    }","    proto = proto || {};","    for(key in proto){","        if(proto.hasOwnProperty(key)){","            fp[key] = proto[key];","        }","    }","    fp.constructor = constructor.prototype.constructor;","    fn.prototype = fp;","    return fn;","};","","//factory","Function.prototype.factory = function(){","    var clazz = this;","    function F(args){","        clazz.apply(this, args);","    }","    F.prototype = clazz.prototype;","    return function(){","        return new F(arguments);","    };","};","","var fis = module.exports = {};","","//register global variable","Object.defineProperty(global, 'fis', {","    enumerable : true,","    writable : false,","    value : fis","});","","fis.emitter = new (require('events').EventEmitter);","","//time for debug","fis.time = function(title){","    console.log(title + ' : ' + (Date.now() - last) + 'ms');","    last = Date.now();","};","","//log","fis.log = require('./lib/log.js');","","//require","fis.require = function(){","    var path;","    var name = Array.prototype.slice.call(arguments, 0).join('-');","    if(fis.require._cache.hasOwnProperty(name)) return fis.require._cache[name];","    var names = [];","    for(var i = 0, len = fis.require.prefixes.length; i < len; i++){","        try {","            var pluginName = fis.require.prefixes[i] + '-' + name;","            names.push(pluginName);","            path = require.resolve(pluginName);","            try {","                return fis.require._cache[name] = require(pluginName);","            } catch (e){","                fis.log.error('load plugin [' + pluginName + '] error : ' + e.message);","            }","        } catch (e){","            if (e.code !== 'MODULE_NOT_FOUND') {","                throw e;","            }","        }","    }","    fis.log.error('unable to load plugin [' + names.join('] or [') + ']');","};","","fis.require._cache = {};","","fis.require.prefixes = ['fis'];","","//system config","fis.config = require('./lib/config.js');","","//utils","fis.util = require('./lib/util.js');","","//resource location","fis.uri = require('./lib/uri.js');","","//project","fis.project = require('./lib/project.js');","","//file","fis.file = require('./lib/file.js');","","//cache","fis.cache = require('./lib/cache.js');","","//compile kernel","fis.compile = require('./lib/compile.js');","","//release api","fis.release = require('./lib/release.js');","","//package info","fis.info = fis.util.readJSON(__dirname + '/package.json');","","//kernel version","fis.version = fis.info.version;",""],"l":{"8":1,"11":1,"12":3,"13":1,"14":1,"15":1,"17":3,"18":3,"19":1,"20":1,"22":3,"23":3,"24":3,"27":3,"28":0,"29":0,"32":3,"33":3,"34":28,"35":28,"38":3,"39":3,"40":3,"44":1,"45":2,"46":1,"47":0,"49":2,"50":2,"51":0,"55":1,"58":1,"64":1,"67":1,"68":0,"69":0,"73":1,"76":1,"77":0,"78":0,"79":0,"80":0,"81":0,"82":0,"83":0,"84":0,"85":0,"86":0,"87":0,"89":0,"92":0,"93":0,"97":0,"100":1,"102":1,"105":1,"108":1,"111":1,"114":1,"117":1,"120":1,"123":1,"126":1,"129":1,"132":1}},"/home/travis/build/npmtest/node-npmtest-fis/node_modules/fis-kernel/lib/log.js":{"path":"/home/travis/build/npmtest/node-npmtest-fis/node_modules/fis-kernel/lib/log.js","s":{"1":1,"2":1,"3":1,"4":1,"5":1,"6":1,"7":1,"8":1,"9":1,"10":1,"11":0,"12":0,"13":0,"14":0,"15":0,"16":1,"17":0,"18":0,"19":0,"20":0,"21":0,"22":0,"23":1,"24":0,"25":1,"26":0,"27":1,"28":0,"29":1,"30":0,"31":0,"32":0,"33":0,"34":0,"35":0,"36":0,"37":0,"38":1,"39":0,"40":0,"41":0,"42":0},"b":{"1":[0,0],"2":[0,0],"3":[0,0],"4":[0,0],"5":[0,0],"6":[0,0],"7":[0,0],"8":[0,0]},"f":{"1":0,"2":0,"3":0,"4":0,"5":0,"6":0,"7":0,"8":0,"9":0,"10":0,"11":0},"fnMap":{"1":{"name":"(anonymous_1)","line":19,"loc":{"start":{"line":19,"column":14},"end":{"line":19,"column":43}}},"2":{"name":"log","line":32,"loc":{"start":{"line":32,"column":0},"end":{"line":32,"column":29}}},"3":{"name":"(anonymous_3)","line":43,"loc":{"start":{"line":43,"column":16},"end":{"line":43,"column":29}}},"4":{"name":"(anonymous_4)","line":47,"loc":{"start":{"line":47,"column":17},"end":{"line":47,"column":30}}},"5":{"name":"(anonymous_5)","line":51,"loc":{"start":{"line":51,"column":18},"end":{"line":51,"column":31}}},"6":{"name":"(anonymous_6)","line":55,"loc":{"start":{"line":55,"column":16},"end":{"line":55,"column":29}}},"7":{"name":"(anonymous_7)","line":71,"loc":{"start":{"line":71,"column":14},"end":{"line":71,"column":33}}},"8":{"name":"(anonymous_8)","line":72,"loc":{"start":{"line":72,"column":14},"end":{"line":72,"column":27}}},"9":{"name":"(anonymous_9)","line":73,"loc":{"start":{"line":73,"column":14},"end":{"line":73,"column":27}}},"10":{"name":"(anonymous_10)","line":74,"loc":{"start":{"line":74,"column":14},"end":{"line":74,"column":27}}},"11":{"name":"(anonymous_11)","line":75,"loc":{"start":{"line":75,"column":14},"end":{"line":75,"column":27}}}},"statementMap":{"1":{"start":{"line":8,"column":0},"end":{"line":8,"column":27}},"2":{"start":{"line":9,"column":0},"end":{"line":9,"column":27}},"3":{"start":{"line":10,"column":0},"end":{"line":10,"column":27}},"4":{"start":{"line":11,"column":0},"end":{"line":11,"column":27}},"5":{"start":{"line":12,"column":0},"end":{"line":12,"column":27}},"6":{"start":{"line":13,"column":0},"end":{"line":13,"column":27}},"7":{"start":{"line":15,"column":0},"end":{"line":15,"column":33}},"8":{"start":{"line":16,"column":0},"end":{"line":16,"column":22}},"9":{"start":{"line":17,"column":0},"end":{"line":17,"column":22}},"10":{"start":{"line":19,"column":0},"end":{"line":30,"column":2}},"11":{"start":{"line":20,"column":4},"end":{"line":20,"column":28}},"12":{"start":{"line":21,"column":4},"end":{"line":25,"column":42}},"13":{"start":{"line":26,"column":4},"end":{"line":28,"column":5}},"14":{"start":{"line":27,"column":8},"end":{"line":27,"column":61}},"15":{"start":{"line":29,"column":4},"end":{"line":29,"column":15}},"16":{"start":{"line":32,"column":0},"end":{"line":41,"column":1}},"17":{"start":{"line":33,"column":4},"end":{"line":33,"column":21}},"18":{"start":{"line":34,"column":4},"end":{"line":40,"column":5}},"19":{"start":{"line":35,"column":8},"end":{"line":35,"column":40}},"20":{"start":{"line":36,"column":8},"end":{"line":38,"column":9}},"21":{"start":{"line":37,"column":12},"end":{"line":37,"column":26}},"22":{"start":{"line":39,"column":8},"end":{"line":39,"column":34}},"23":{"start":{"line":43,"column":0},"end":{"line":45,"column":2}},"24":{"start":{"line":44,"column":4},"end":{"line":44,"column":61}},"25":{"start":{"line":47,"column":0},"end":{"line":49,"column":2}},"26":{"start":{"line":48,"column":4},"end":{"line":48,"column":40}},"27":{"start":{"line":51,"column":0},"end":{"line":53,"column":2}},"28":{"start":{"line":52,"column":4},"end":{"line":52,"column":41}},"29":{"start":{"line":55,"column":0},"end":{"line":68,"column":2}},"30":{"start":{"line":56,"column":4},"end":{"line":58,"column":5}},"31":{"start":{"line":57,"column":8},"end":{"line":57,"column":44}},"32":{"start":{"line":59,"column":4},"end":{"line":61,"column":5}},"33":{"start":{"line":60,"column":8},"end":{"line":60,"column":32}},"34":{"start":{"line":62,"column":4},"end":{"line":67,"column":5}},"35":{"start":{"line":63,"column":8},"end":{"line":63,"column":17}},"36":{"start":{"line":65,"column":8},"end":{"line":65,"column":51}},"37":{"start":{"line":66,"column":8},"end":{"line":66,"column":24}},"38":{"start":{"line":70,"column":0},"end":{"line":76,"column":2}},"39":{"start":{"line":72,"column":29},"end":{"line":72,"column":78}},"40":{"start":{"line":73,"column":29},"end":{"line":73,"column":78}},"41":{"start":{"line":74,"column":29},"end":{"line":74,"column":78}},"42":{"start":{"line":75,"column":29},"end":{"line":75,"column":78}}},"branchMap":{"1":{"line":26,"type":"if","locations":[{"start":{"line":26,"column":4},"end":{"line":26,"column":4}},{"start":{"line":26,"column":4},"end":{"line":26,"column":4}}]},"2":{"line":33,"type":"binary-expr","locations":[{"start":{"line":33,"column":11},"end":{"line":33,"column":15}},{"start":{"line":33,"column":19},"end":{"line":33,"column":20}}]},"3":{"line":34,"type":"if","locations":[{"start":{"line":34,"column":4},"end":{"line":34,"column":4}},{"start":{"line":34,"column":4},"end":{"line":34,"column":4}}]},"4":{"line":36,"type":"if","locations":[{"start":{"line":36,"column":8},"end":{"line":36,"column":8}},{"start":{"line":36,"column":8},"end":{"line":36,"column":8}}]},"5":{"line":56,"type":"if","locations":[{"start":{"line":56,"column":4},"end":{"line":56,"column":4}},{"start":{"line":56,"column":4},"end":{"line":56,"column":4}}]},"6":{"line":57,"type":"binary-expr","locations":[{"start":{"line":57,"column":24},"end":{"line":57,"column":35}},{"start":{"line":57,"column":39},"end":{"line":57,"column":42}}]},"7":{"line":59,"type":"if","locations":[{"start":{"line":59,"column":4},"end":{"line":59,"column":4}},{"start":{"line":59,"column":4},"end":{"line":59,"column":4}}]},"8":{"line":62,"type":"if","locations":[{"start":{"line":62,"column":4},"end":{"line":62,"column":4}},{"start":{"line":62,"column":4},"end":{"line":62,"column":4}}]}},"code":["/*"," * fis"," * http://fis.baidu.com/"," */","","'use strict';","","exports.L_ALL    = 0x01111;","exports.L_NOTIC  = 0x00001;","exports.L_DEBUG  = 0x00010;","exports.L_WARNI  = 0x00100;","exports.L_ERROR  = 0x01000;","exports.L_NORMAL = 0x01101;","","exports.level = exports.L_NORMAL;","exports.throw = false;","exports.alert = false;","","exports.now = function(withoutMilliseconds){","    var d = new Date(), str;","    str = [","        d.getHours(),","        d.getMinutes(),","        d.getSeconds()","    ].join(':').replace(/\\b\\d\\b/g, '0$&');","    if(!withoutMilliseconds){","        str += '.' + ('00' + d.getMilliseconds()).substr(-4);","    }","    return str;","};","","function log(type, msg, code){","    code = code || 0;","    if((exports.level & code) > 0){","        var listener = exports.on[type];","        if(listener){","            listener(msg);","        }","        exports.on.any(type, msg);","    }","}","","exports.debug = function(msg){","    log('debug', exports.now() + ' ' + msg, exports.L_DEBUG);","};","","exports.notice = function(msg){","    log('notice', msg, exports.L_NOTIC);","};","","exports.warning = function(msg){","    log('warning', msg, exports.L_WARNI);","};","","exports.error = function(err){","    if(!(err instanceof Error)){","        err = new Error(err.message || err);","    }","    if(exports.alert){","        err.message += '\\u0007';","    }","    if(exports.throw){","        throw err","    } else {","        log('error', err.message, exports.L_ERROR);","        process.exit(1);","    }","};","","exports.on = {","    any     : function(type, msg){},","    debug   : function(msg){ process.stdout.write('\\n [DEBUG] ' + msg + '\\n'); },","    notice  : function(msg){ process.stdout.write('\\n [NOTIC] ' + msg + '\\n'); },","    warning : function(msg){ proce
[...]
 {","                switch(type){","                    case 'require':","                        info = fis.uri.getId(value, file.dirname);","                        file.addRequire(info.id);","                        ret = info.quote + info.id + info.quote;","                        break;","                    case 'uri':","                        info = fis.uri(value, file.dirname);","                        if(info.file && info.file.isFile()){","                            if(info.file.useHash && exports.settings.hash){","                                if(embeddedCheck(file, info.file)){","                                    exports(info.file);","                                    addDeps(file, info.file);","                                }","                            }","                            var query = (info.file.query && info.query) ? '&' + info.query.substring(1) : info.query;","                            var url = info.file.getUrl(exports.settings.hash, exports.settings.domain);","                            var hash = info.hash || info.file.hash;","                            ret = info.quote + url + query + hash + info.quote;","                        } else {","                            ret = value;","                        }","                        break;","                    case 'dep':","                        if(file.cache){","                            info = fis.uri(value, file.dirname);","                            addDeps(file, info.file);","                        } else {","                            fis.log.warning('unable to add deps to file [' + path + ']');","                        }","                        break;","                    case 'embed':","                    case 'jsEmbed':","                        info = fis.uri(value, file.dirname);","                        var f;","                        if(info.file){","                            f = info.file;","                        } else if(fis.util.isAbsolute(info.rest)){","                            f = fis.file(info.rest);","                        }","                        if(f && f.isFile()){","                            if(embeddedCheck(file, f)){","                                exports(f);","                                addDeps(file, f);","                                f.requires.forEach(function(id){","                                    file.addRequire(id);","                                });","                                if(f.isText()){","                                    ret = f.getContent();","                                    if(type === 'jsEmbed' && !f.isJsLike && !f.isJsonLike){","                                        ret = JSON.stringify(ret);","                                    }","                                } else {","                                    ret = info.quote + f.getBase64() + info.quote;","                                }","                            }","                        } else {","                            fis.log.error('unable to embed non-existent file [' + value + ']');","                        }","                        break;","                    default :","                        fis.log.error('unsupported fis language tag [' + type + ']');","                }","            } catch (e) {","                embeddedMap = {};","                e.message = e.message + ' in [' + file.subpath + ']';","                throw  e;","            }","            return ret;","        });","        file.setContent(content);","        fis.log.debug('standard end');","    }","}","","exports.extJs = extJs;","exports.extCss = extCss;","exports.extHtml = extHtml;","exports.isInline = isInline;","exports.analyseComment = analyseComment;",""],"l":{"8":1,"10":1,"11":0,"12":0,"14":0,"15":0,"16":0,"18":0,"19":0,"20":0,"21":0,"22":0,"24":0,"25":0,"26":0,"27":0,"28":0,"29":0,"31":0,"32":0,"34":0,"35":0,"36":0,"37":0,"38":0,"42":0,"45":0,"47":0,"48":0,"50":0,"51":0,"53":0,"54":0,"55":0,"56":0,"57":0,"60":1,"74":1,"75":0,"76":0,"77":0,"78":0,"79":0,"83":0,"84":0,"85":0,"87":0,"93":0,"96":1,"97":0,"98":0,"99":0,"100":0,"102":0,"106":1,"107":1,"117":1,"118":5,"119":5,"120":5,"122":1,"128":1,"129":0,"133":1,"134":0,"135":0,"136":0,"138":0,"146":1,"147":0,"148":0,"149":0,"150":0,"152":0,"153":0,"155":0,"156":0,"158":0,"159":0,"161":0,"162":0,"164":0,"166":0,"175":1,"176":0,"177":0,"178":0,"179":0,"180":0,"181":0,"182":0,"184":0,"187":0,"189":0,"190":0,"191":0,"192":0,"194":0,"196":0,"207":1,"208":0,"209":0,"210":0,"211":0,"212":0,"213":0,"214":0,"215":0,"217":0,"220":0,"222":0,"223":0,"225":0,"228":0,"230":0,"231":0,"232":0,"233":0,"234":0,"235":0,"236":0,"237":0,"238":0,"239":0,"240":0,"242":0,"243":0,"244":0,"245":0,"247":0,"248":0,"249":0,"251":0,"253":0,"256":0,"257":0,"258":0,"259":0,"262":0,"263":0,"264":0,"266":0,"269":0,"270":0,"271":0,"272":0,"273":0,"274":0,"275":0,"276":0,"277":0,"278":0,"280":0,"282":0,"286":0,"287":0,"288":0,"289":0,"291":0,"293":0,"296":1,"297":0,"298":0,"300":0,"301":0,"302":0,"304":0,"305":0,"307":0,"308":0,"310":0,"311":0,"313":0,"314":0,"316":0,"317":0,"322":1,"323":0,"324":0,"325":0,"326":0,"327":0,"328":0,"329":0,"330":0,"331":0,"332":0,"333":0,"334":0,"336":0,"340":0,"341":0,"342":0,"343":0,"344":0,"345":0,"346":0,"347":0,"350":0,"351":0,"352":0,"357":1,"359":1,"361":0,"362":0,"365":1,"366":0,"367":0,"368":0,"369":0,"370":0,"371":0,"373":0,"374":0,"375":0,"377":0,"378":0,"380":0,"381":0,"384":1,"385":0,"388":1,"389":0,"390":0,"391":0,"393":0,"397":1,"398":0,"400":0,"401":0,"403":0,"404":0,"405":0,"406":0,"407":0,"408":0,"410":0,"411":0,"412":0,"413":0,"415":0,"416":0,"417":0,"418":0,"420":0,"421":0,"422":0,"423":0,"424":0,"425":0,"428":0,"429":0,"430":0,"431":0,"433":0,"435":0,"437":0,"438":0,"439":0,"441":0,"443":0,"446":0,"447":0,"448":0,"449":0,"450":0,"451":0,"453":0,"454":0,"455":0,"456":0,"457":0,"458":0,"460":0,"461":0,"462":0,"463":0,"466":0,"470":0,"472":0,"474":0,"477":0,"478":0,"479":0,"481":0,"483":0,"484":0,"488":1,"489":1,"490":1,"491":1,"492":1}},"/home/travis/build/npmtest/node-npmtest-fis/node_modules/fis-kernel/lib/release.js":{"path":"/home/travis/build/npmtest/node-npmtest-fis/node_modules/fis-kernel/lib/release.js","s":{"1":1,"2":0,"3":0,"4":0,"5":0,"6":0,"7":0,"8":0,"9":0,"10":0,"11":0,"12":0,"13":0,"14":0,"15":0,"16":0,"17":0,"18":0,"19":0,"20":0,"21":0,"22":0,"23":0,"24":0,"25":0,"26":0,"27":0,"28":0,"29":0,"30":0,"31":0,"32":0,"33":0,"34":0,"35":0,"36":0,"37":0,"38":0,"39":0,"40":0,"41":0,"42":0,"43":0,"44":0,"45":0,"46":0,"47":0,"48":0,"49":0,"50":0,"51":0,"52":0,"53":0,"54":0,"55":0,"56":0,"57":0,"58":0,"59":0,"60":0},"b":{"1":[0,0],"2":[0,0],"3":[0,0],"4":[0,0],"5":[0,0],"6":[0,0],"7":[0,0],"8":[0,0],"9":[0,0],"10":[0,0],"11":[0,0],"12":[0,0],"13":[0,0],"14":[0,0],"15":[0,0],"16":[0,0],"17":[0,0],"18":[0,0],"19":[0,0],"20":[0,0],"21":[0,0],"22":[0,0]},"f":{"1":0,"2":0,"3":0,"4":0},"fnMap":{"1":{"name":"(anonymous_1)","line":29,"loc":{"start":{"line":29,"column":31},"end":{"line":29,"column":54}}},"2":{"name":"(anonymous_2)","line":39,"loc":{"start":{"line":39,"column":29},"end":{"line":39,"column":45}}},"3":{"name":"(anonymous_3)","line":61,"loc":{"start":{"line":61,"column":26},"end":{"line":61,"column":49}}},"4":{"name":"(anonymous_4)","line":114,"loc":{"start":{"line":114,"column":13},"end":{"line":114,"column":46}}}},"statementMap":{"1":{"start":{"line":29,"column":0},"end":{"line":145,"column":2}},"2":{"start":{"line":30,"column":4},"end":{"line":35,"column":5}},"3":{"start":{"line":31,"column":8},"end":{"line":31,"column":23}},"4":{"start":{"line":32,"column":8},"end":{"line":32,"column":17}},"5":{"start":{"line":34,"column":8},"end":{"line":34,"column":24}},"6":{"start":{"line":37,"column":4},"end":{"line":37,"column":17}},"7":{"start":{"line":38,"column":4},"end":{"line":48,"column":5}},"8":{"start":{"line":39,"column":8},"end":{"line":45,"column":11}},"9":{"start":{"line":40,"column":12},"end":{"line":40,"column":47}},"10":{"start":{"line":40,"column":40},"end":{"line":40,"column":47}},"11":{"start":{"line":41,"column":12},"end":{"line":41,"column":38}},"12":{"start":{"line":42,"column":12},"end":{"line":44,"column":13}},"13":{"start":{"line":43,"column":16},"end":{"line":43,"column":41}},"14":{"start":{"line":47,"column":8},"end":{"line":47,"column":38}},"15":{"start":{"line":50,"column":4},"end":{"line":58,"column":6}},"16":{"start":{"line":59,"column":4},"end":{"line":59,"column":27}},"17":{"start":{"line":60,"column":4},"end":{"line":60,"column":27}},"18":{"start":{"line":61,"column":4},"end":{"line":96,"column":7}},"19":{"start":{"line":62,"column":8},"end":{"line":64,"column":9}},"20":{"start":{"line":63,"column":12},"end":{"line":63,"column":38}},"21":{"start":{"line":66,"column":8},"end":{"line":66,"column":33}},"22":{"start":{"line":68,"column":8},"end":{"line":70,"column":9}},"23":{"start":{"line":69,"column":12},"end":{"line":69,"column":37}},"24":{"start":{"line":72,"column":8},"end":{"line":95,"column":9}},"25":{"start":{"line":74,"column":12},"end":{"line":74,"column":34}},"26":{"start":{"line":75,"column":12},"end":{"line":75,"column":31}},"27":{"start":{"line":76,"column":12},"end":{"line":81,"column":13}},"28":{"start":{"line":77,"column":16},"end":{"line":77,"column":48}},"29":{"start":{"line":78,"column":19},"end":{"line":81,"column":13}},"30":{"start":{"line":79,"column":16},"end":{"line":79,"column":47}},"31":{"start":{"line":80,"column":16},"end":{"line":80,"column":48}},"32":{"start":{"line":82,"column":12},"end":{"line":85,"column":14}},"33":{"start":{"line":86,"column":12},"end":{"line":91,"column":13}},"34":{"start":{"line":87,"column":16},"end":{"line":90,"column":17}},"35":{"start":{"line":88,"column":20},"end":{"line":88,"column":45}},"36":{"start":{"line":89,"column":20},"end":{"line":89,"column":26}},"37":{"start":{"line":92,"column":12},"end":{"line":94,"column":13}},"38":{"start":{"line":93,"column":16},"end":{"line":93,"column":41}},"39":{"start":{"line":99,"column":4},"end":{"line":99,"column":44}},"40":{"start":{"line":101,"column":4},"end":{"line":101,"column":41}},"41":{"start":{"line":104,"column":4},"end":{"line":104,"column":38}},"42":{"start":{"line":105,"column":4},"end":{"line":111,"column":5}},"43":{"start":{"line":107,"column":8},"end":{"line":107,"column":43}},"44":{"start":{"line":108,"column":8},"end":{"line":110,"column":9}},"45":{"start":{"line":109,"column":12},"end":{"line":109,"column":67}},"46":{"start":{"line":114,"column":4},"end":{"line":118,"column":6}},"47":{"start":{"line":115,"column":8},"end":{"line":115,"column":45}},"48":{"start":{"line":116,"column":8},"end":{"line":116,"column":43}},"49":{"start":{"line":117,"column":8},"end":{"line":117,"column":43}},"50":{"start":{"line":121,"column":4},"end":{"line":121,"column":54}},"51":{"start":{"line":124,"column":4},"end":{"line":129,"column":5}},"52":{"start":{"line":126,"column":8},"end":{"line":126,"column":52}},"53":{"start":{"line":128,"column":8},"end":{"line":128,"column":50}},"54":{"start":{"line":132,"column":4},"end":{"line":132,"column":56}},"55":{"start":{"line":135,"column":4},"end":{"line":135,"column":64}},"56":{"start":{"line":136,"column":4},"end":{"line":139,"column":5}},"57":{"start":{"line":137,"column":8},"end":{"line":137,"column":79}},"58":{"start":{"line":138,"column":8},"end":{"line":138,"column":35}},"59":{"start":{"line":142,"column":4},"end":{"line":144,"column":5}},"60":{"start":{"line":143,"column":8},"end":{"line":143,"column":22}}},"branchMap":{"1":{"line":30,"type":"if","locations":[{"start":{"line":30,"column":4},"end":{"line":30,"column":4}},{"start":{"line":30,"column":4},"end":{"line":30,"column":4}}]},"2":{"line":34,"type":"binary-expr","locations":[{"start":{"line":34,"column":14},"end":{"line":34,"column":17}},{"start":{"line":34,"column":21},"end":{"line":34,"column":23}}]},"3":{"line":38,"type":"if","locations":[{"start":{"line":38,"column":4},"end":{"line":38,"column":4}},{"start":{"line":38,"column":4},"end":{"line":38,"column":4}}]},"4":{"line":38,"type":"binary-expr","locations":[{"start":{"line":38,"column":8},"end":{"line":38,"column":35}},{"start":{"line":38,"column":39},"end":{"line":38,"column":58}}]},"5":{"line":40,"type":"if","locations":[{"start":{"line":40,"column":12},"end":{"line":40,"column":12}},{"start":{"line":40,"column":12},"end":{"line":40,"column":12}}]},"6":{"line":42,"type":"if","locations":[{"start":{"line":42,"column":12},"end":{"line":42,"column":12}},{"start":{"line":42,"column":12},"end":{"line":42,"column":12}}]},"7":{"line":62,"type":"if","locations":[{"start":{"line":62,"column":8},"end":{"line":62,"column":8}},{"start":{"line":62,"column":8},"end":{"line":62,"column":8}}]},"8":{"line":68,"type":"if","locations":[{"start":{"line":68,"column":8},"end":{"line":68,"column":8}},{"start":{"line":68,"column":8},"end":{"line":68,"column":8}}]},"9":{"line":72,"type":"if","locations":[{"start":{"line":72,"column":8},"end":{"line":72,"column":8}},{"start":{"line":72,"column":8},"end":{"line":72,"column":8}}]},"10":{"line":72,"type":"binary-expr","locations":[{"start":{"line":72,"column":11},"end":{"line":72,"column":23}},{"start":{"line":72,"column":27},"end":{"line":72,"column":38}}]},"11":{"line":76,"type":"if","locations":[{"start":{"line":76,"column":12},"end":{"line":76,"column":12}},{"start":{"line":76,"column":12},"end":{"line":76,"column":12}}]},"12":{"line":78,"type":"if","locations":[{"start":{"line":78,"column":19},"end":{"line":78,"column":19}},{"start":{"line":78,"column":19},"end":{"line":78,"column":19}}]},"13":{"line":87,"type":"if","locations":[{"start":{"line":87,"column":16},"end":{"line":87,"column":16}},{"start":{"line":87,"column":16},"end":{"line":87,"column":16}}]},"14":{"line":92,"type":"if","locations":[{"start":{"line":92,"column":12},"end":{"line":92,"column":12}},{"start":{"line":92,"column":12},"end":{"line":92,"column":12}}]},"15":{"line":92,"type":"binary-expr","locations":[{"start":{"line":92,"column":15},"end":{"line":92,"column":28}},{"start":{"line":92,"column":32},"end":{"line":92,"column":52}}]},"16":{"line":105,"type":"if","locations":[{"start":{"line":105,"column":4},"end":{"line":105,"column":4}},{"start":{"line":105,"column":4},"end":{"line":105,"column":4}}]},"17":{"line":108,"type":"if","locations":[{"start":{"line":108,"column":8},"end":{"line":108,"column":8}},{"start":{"line":108,"column":8},"end":{"line":108,"column":8}}]},"18":{"line":124,"type":"if","locations":[{"start":{"line":124,"column":4},"end":{"line":124,"column":4}},{"start":{"line":124,"column":4},"end":{"line":124,"column":4}}]},"19":{"line":135,"type":"cond-expr","locations":[{"start":{"line":135,"column":35},"end":{"line":135,"column":43}},{"start":{"line":135,"column":46},"end":{"line":135,"column":48}}]},"20":{"line":136,"type":"if","locations":[{"start":{"line":136,"column":4},"end":{"line":136,"column":4}},{"start":{"line":136,"column":4},"end":{"line":136,"column":4}}]},"21":{"line":137,"type":"cond-expr","locations":[{"start":{"line":137,"column":68},"end":{"line":137,"column":72}},{"start":{"line":137,"column":75},"end":{"line":137,"column":76}}]},"22":{"line":142,"type":"if","locations":[{"start":{"line":142,"column":4},"end":{"line":142,"column":4}},{"start":{"line":142,"column":4},"end":{"line":142,"column":4}}]}},"code":["/*"," * fis"," * http://fis.baidu.com/"," */","","'use strict';","","/**"," * @type {Function}"," * @param {Object} [opt]"," * @param {Function} callback"," * opt = {"," *     include : {RegExp} find include filter,"," *     exclude : {RegExp} find exclude filter,"," *     debug    : {Boolean} debug model,"," *     optimize : {Boolean} if optimize,"," *     pack     : {Boolean|String} if package,"," *     lint     : {Boolean} if lint,"," *     test     : {Boolean} if test,"," *     hash     : {Boolean} if with hash,"," *     domain   : {Boolean} if with domain,"," *     beforeEach : {Function} before compile each file callback,"," *     afterEach : {Function} after compile each file callback,"," *     beforePack : {Function} before pack file callback,"," *     afterPack : {Function} after pack file callback"," * }"," */","","var exports = module.exports = function(opt, callback){","    if(typeof opt === 'function'){","        callback = opt;","        opt = {};","    } else {","        opt = opt || {};","    }","    ","    var src = {};","    if (Array.isArray(opt.srcCache) && opt.srcCache.length) {","        opt.srcCache.forEach(function (path) {","            if (!fis.util.isFile(path)) return;","            var file = fis.file(path);","            if (file.release) {","                src[file.subpath] = file;","            }","        });","    } else {","        src = fis.project.getSource();","    }","","    var ret = {","        src : src,","        ids : {},","        pkg : {},","        map : {","            res : {},","            pkg : {}","        }","    };","    opt.hash = opt.md5 > 0;","    fis.compile.setup(opt);","    fis.util.map(ret.src, function(subpath, file){","        if(opt.beforeEach) {","            opt.beforeEach(file, ret);","        }","","        file = fis.compile(file);","","        if(opt.afterEach) {","            opt.afterEach(file, ret);","        }","","        if(file.release && file.useMap) {","            //add resource map","            var id = file.getId();","            ret.ids[id] = file;","            if(file.isJsLike){","                file.addSameNameRequire('.css');","            } else if(file.isHtmlLike){","                file.addSameNameRequire('.js');","                file.addSameNameRequire('.css');","            }","            var res = ret.map.res[id] = {","                uri  : file.getUrl(opt.hash, opt.domain),","                type : file.rExt.replace(/^\\./, '')","            };","            for(var key in file.extras){","                if(file.extras.hasOwnProperty(key)){","                    res.extras = file.extras;","                    break;","                }","            }","            if(file.requires && file.requires.length){","                res.deps = file.requires;","            }","        }","    });","    ","    //project root","    var root = fis.project.getProjectPath();","    ","    var ns = fis.config.get('namespace');","    ","    //get pack config","    var conf = fis.config.get('pack');","    if(typeof conf === 'undefined'){","        //from fis-pack.json","        var file = root + '/fis-pack.json';","        if(fis.util.isFile(file)){","            fis.config.set('pack', conf = fis.util.readJSON(file));","        }","    }","    ","    //package callback","    var cb = function(packager, settings, key){","        fis.log.debug('[' + key + '] start');","        packager(ret, conf, settings, opt);","        fis.log.debug('[' + key + '] end');","    };","    ","    //prepackage","    fis.util.pipe('prepackager', cb, opt.prepackager);","    ","    //package","    if(opt.pack){","        //package","        fis.util.pipe('packager', cb, opt.packager);","        //css sprites","        fis.util.pipe('spriter', cb, opt.spriter);","    }","    ","    //postpackage","    fis.util.pipe('postpackager', cb, opt.postpackager);","    ","    //create map.json","    var map = fis.file(root, (ns ? ns + '-' : '') + 'map.json');","    if(map.release){","        map.setContent(JSON.stringify(ret.map, null, opt.optimize ? null : 4));","        ret.pkg[map.subpath] = map;","    }","    ","    //done","    if(callback){","        callback(ret);","    }","};"],"l":{"29":1,"30":0,"31":0,"32":0,"34":0,"37":0,"38":0,"39":0,"40":0,"41":0,"42":0,"43":0,"47":0,"50":0,"59":0,"60":0,"61":0,"62":0,"63":0,"66":0,"68":0,"69":0,"72":0,"74":0,"75":0,"76":0,"77":0,"78":0,"79":0,"80":0,"82":0,"86":0,"87":0,"88":0,"89":0,"92":0,"93":0,"99":0,"101":0,"104":0,"105":0,"107":0,"108":0,"109":0,"114":0,"115":0,"116":0,"117":0,"121":0,"124":0,"126":0,"128":0,"132":0,"135":0,"136":0,"137":0,"138":0,"142":0,"143":0}}}